============================= test session starts ==============================
platform linux -- Python 3.12.3, pytest-8.3.5, pluggy-1.6.0 -- /opt/rhu-labchain/.venv/bin/python
cachedir: .pytest_cache
rootdir: /opt/rhu-labchain
plugins: anyio-4.15.1
collecting ... collected 1075 items

tests/test_application.py::test_existing_application_and_health_routes PASSED [  0%]
tests/test_application.py::test_readiness_success_uses_mock_connection PASSED [  0%]
tests/test_application.py::test_readiness_failure_remains_generic PASSED [  0%]
tests/test_phase_2a_migration.py::test_offline_mysql_upgrade_and_downgrade PASSED [  0%]
tests/test_phase_2a_migration.py::test_frozen_migration_matches_model_metadata[20260914_01] PASSED [  0%]
tests/test_phase_2a_migration.py::test_frozen_migration_matches_model_metadata[20260914_02] PASSED [  0%]
tests/test_phase_2a_migration.py::test_frozen_migration_matches_model_metadata[20260914_03] PASSED [  0%]
tests/test_phase_2a_migration.py::test_frozen_migration_matches_model_metadata[20260914_04] PASSED [  0%]
tests/test_phase_2a_migration.py::test_frozen_migration_matches_model_metadata[20260915_01] PASSED [  0%]
tests/test_phase_2a_migration.py::test_frozen_migration_matches_model_metadata[20260916_01] PASSED [  0%]
tests/test_phase_2a_migration.py::test_relational_constraints_and_round_trip PASSED [  1%]
tests/test_phase_2a_migration.py::test_alembic_online_environment_reuses_application_engine PASSED [  1%]
tests/test_phase_2a_models.py::test_all_models_import_and_configure PASSED [  1%]
tests/test_phase_2a_models.py::test_keys_indexes_and_mysql_storage[facility_profile] PASSED [  1%]
tests/test_phase_2a_models.py::test_keys_indexes_and_mysql_storage[patient] PASSED [  1%]
tests/test_phase_2a_models.py::test_keys_indexes_and_mysql_storage[patient_account_link] PASSED [  1%]
tests/test_phase_2a_models.py::test_keys_indexes_and_mysql_storage[permission] PASSED [  1%]
tests/test_phase_2a_models.py::test_keys_indexes_and_mysql_storage[referring_facility] PASSED [  1%]
tests/test_phase_2a_models.py::test_keys_indexes_and_mysql_storage[requesting_physician] PASSED [  1%]
tests/test_phase_2a_models.py::test_keys_indexes_and_mysql_storage[role] PASSED [  1%]
tests/test_phase_2a_models.py::test_keys_indexes_and_mysql_storage[role_permission] PASSED [  1%]
tests/test_phase_2a_models.py::test_keys_indexes_and_mysql_storage[staff] PASSED [  2%]
tests/test_phase_2a_models.py::test_keys_indexes_and_mysql_storage[staff_account_link] PASSED [  2%]
tests/test_phase_2a_models.py::test_keys_indexes_and_mysql_storage[user_account] PASSED [  2%]
tests/test_phase_2a_models.py::test_keys_indexes_and_mysql_storage[user_role] PASSED [  2%]
tests/test_phase_2a_models.py::test_exact_foreign_keys PASSED            [  2%]
tests/test_phase_2a_models.py::test_identity_and_credentials_remain_separate PASSED [  2%]
tests/test_phase_2a_models.py::test_one_to_one_and_assignment_relationships PASSED [  2%]
tests/test_phase_2a_models.py::test_enum_values_defaults_and_patient_name_index PASSED [  2%]
tests/test_phase_2b_migration.py::test_phase_2b_revision_and_offline_mysql_round_trip PASSED [  2%]
tests/test_phase_2b_migration.py::test_constraints_same_panel_rule_and_round_trip PASSED [  2%]
tests/test_phase_2b_models.py::test_exact_phase_2a_and_2b_metadata PASSED [  2%]
tests/test_phase_2b_models.py::test_workbook_columns_keys_and_storage[lab_department] PASSED [  3%]
tests/test_phase_2b_models.py::test_workbook_columns_keys_and_storage[panel_section] PASSED [  3%]
tests/test_phase_2b_models.py::test_workbook_columns_keys_and_storage[panel_test] PASSED [  3%]
tests/test_phase_2b_models.py::test_workbook_columns_keys_and_storage[reference_range] PASSED [  3%]
tests/test_phase_2b_models.py::test_workbook_columns_keys_and_storage[sample_type] PASSED [  3%]
tests/test_phase_2b_models.py::test_workbook_columns_keys_and_storage[test_catalog] PASSED [  3%]
tests/test_phase_2b_models.py::test_workbook_columns_keys_and_storage[test_interpretation_rule] PASSED [  3%]
tests/test_phase_2b_models.py::test_workbook_columns_keys_and_storage[test_panel] PASSED [  3%]
tests/test_phase_2b_models.py::test_workbook_columns_keys_and_storage[test_sample_type] PASSED [  3%]
tests/test_phase_2b_models.py::test_foreign_keys_are_indexed_without_delete_cascades[lab_department] PASSED [  3%]
tests/test_phase_2b_models.py::test_foreign_keys_are_indexed_without_delete_cascades[panel_section] PASSED [  4%]
tests/test_phase_2b_models.py::test_foreign_keys_are_indexed_without_delete_cascades[panel_test] PASSED [  4%]
tests/test_phase_2b_models.py::test_foreign_keys_are_indexed_without_delete_cascades[reference_range] PASSED [  4%]
tests/test_phase_2b_models.py::test_foreign_keys_are_indexed_without_delete_cascades[sample_type] PASSED [  4%]
tests/test_phase_2b_models.py::test_foreign_keys_are_indexed_without_delete_cascades[test_catalog] PASSED [  4%]
tests/test_phase_2b_models.py::test_foreign_keys_are_indexed_without_delete_cascades[test_interpretation_rule] PASSED [  4%]
tests/test_phase_2b_models.py::test_foreign_keys_are_indexed_without_delete_cascades[test_panel] PASSED [  4%]
tests/test_phase_2b_models.py::test_foreign_keys_are_indexed_without_delete_cascades[test_sample_type] PASSED [  4%]
tests/test_phase_2b_models.py::test_exact_native_mysql_enums[test_catalog-result_type-values0] PASSED [  4%]
tests/test_phase_2b_models.py::test_exact_native_mysql_enums[reference_range-sex-values1] PASSED [  4%]
tests/test_phase_2b_models.py::test_exact_native_mysql_enums[test_interpretation_rule-flag-values2] PASSED [  4%]
tests/test_phase_2b_models.py::test_reference_range_precision_and_dates PASSED [  5%]
tests/test_phase_2c_migration.py::test_single_head_parent_and_offline_mysql_migration PASSED [  5%]
tests/test_phase_2c_migration.py::test_every_foreign_key_and_required_column_rejects_invalid_values PASSED [  5%]
tests/test_phase_2c_migration.py::test_uniqueness_and_workflow_multiplicity PASSED [  5%]
tests/test_phase_2c_migration.py::test_same_order_panel_constraint_on_inserts_and_updates PASSED [  5%]
tests/test_phase_2c_migration.py::test_display_numeric_values_optional_links_and_defaults PASSED [  5%]
tests/test_phase_2c_models.py::test_exact_phase_2a_2b_2c_metadata_and_result_anchor PASSED [  5%]
tests/test_phase_2c_models.py::test_columns_types_defaults_and_foreign_keys_match_workbook[lab_order] PASSED [  5%]
tests/test_phase_2c_models.py::test_columns_types_defaults_and_foreign_keys_match_workbook[lab_order_item] PASSED [  5%]
tests/test_phase_2c_models.py::test_columns_types_defaults_and_foreign_keys_match_workbook[lab_payment] PASSED [  5%]
tests/test_phase_2c_models.py::test_columns_types_defaults_and_foreign_keys_match_workbook[lab_result_item] PASSED [  5%]
tests/test_phase_2c_models.py::test_columns_types_defaults_and_foreign_keys_match_workbook[order_panel] PASSED [  6%]
tests/test_phase_2c_models.py::test_columns_types_defaults_and_foreign_keys_match_workbook[rejection_reason] PASSED [  6%]
tests/test_phase_2c_models.py::test_columns_types_defaults_and_foreign_keys_match_workbook[specimen] PASSED [  6%]
tests/test_phase_2c_models.py::test_columns_types_defaults_and_foreign_keys_match_workbook[specimen_order_item] PASSED [  6%]
tests/test_phase_2c_models.py::test_columns_types_defaults_and_foreign_keys_match_workbook[specimen_rejection] PASSED [  6%]
tests/test_phase_2c_models.py::test_mysql_storage_fk_indexes_and_no_cascades[lab_order] PASSED [  6%]
tests/test_phase_2c_models.py::test_mysql_storage_fk_indexes_and_no_cascades[lab_order_item] PASSED [  6%]
tests/test_phase_2c_models.py::test_mysql_storage_fk_indexes_and_no_cascades[lab_payment] PASSED [  6%]
tests/test_phase_2c_models.py::test_mysql_storage_fk_indexes_and_no_cascades[lab_result_item] PASSED [  6%]
tests/test_phase_2c_models.py::test_mysql_storage_fk_indexes_and_no_cascades[order_panel] PASSED [  6%]
tests/test_phase_2c_models.py::test_mysql_storage_fk_indexes_and_no_cascades[rejection_reason] PASSED [  6%]
tests/test_phase_2c_models.py::test_mysql_storage_fk_indexes_and_no_cascades[specimen] PASSED [  7%]
tests/test_phase_2c_models.py::test_mysql_storage_fk_indexes_and_no_cascades[specimen_order_item] PASSED [  7%]
tests/test_phase_2c_models.py::test_mysql_storage_fk_indexes_and_no_cascades[specimen_rejection] PASSED [  7%]
tests/test_phase_2c_models.py::test_canonical_native_mysql_enums[lab_order-priority-values0] PASSED [  7%]
tests/test_phase_2c_models.py::test_canonical_native_mysql_enums[lab_order-status-values1] PASSED [  7%]
tests/test_phase_2c_models.py::test_canonical_native_mysql_enums[order_panel-status-values2] PASSED [  7%]
tests/test_phase_2c_models.py::test_canonical_native_mysql_enums[lab_order_item-status-values3] PASSED [  7%]
tests/test_phase_2c_models.py::test_canonical_native_mysql_enums[lab_payment-payment_status-values4] PASSED [  7%]
tests/test_phase_2c_models.py::test_canonical_native_mysql_enums[specimen-specimen_status-values5] PASSED [  7%]
tests/test_phase_2c_models.py::test_canonical_native_mysql_enums[lab_result_item-status-values6] PASSED [  7%]
tests/test_phase_2c_models.py::test_canonical_native_mysql_enums[lab_result_item-flag-values7] PASSED [  8%]
tests/test_phase_2d_migration.py::test_single_head_and_offline_mysql_scope PASSED [  8%]
tests/test_phase_2d_migration.py::test_all_foreign_keys_and_required_values PASSED [  8%]
tests/test_phase_2d_migration.py::test_uniqueness_snapshot_key_and_allowed_multiplicity PASSED [  8%]
tests/test_phase_2d_migration.py::test_attachment_accepts_either_or_both_parents_but_never_neither PASSED [  8%]
tests/test_phase_2d_migration.py::test_report_version_link_and_stored_snapshots PASSED [  8%]
tests/test_phase_2d_migration.py::test_json_optional_log_references_and_defaults PASSED [  8%]
tests/test_phase_2d_migration.py::test_deployed_migration_files_are_unchanged[migrations/versions/20260914_01_phase_2a_identity_auth.py-ad3f34d73c20c01fb810c056c28a95a0b5d44e930466020a80f09d9241e433ff] PASSED [  8%]
tests/test_phase_2d_migration.py::test_deployed_migration_files_are_unchanged[migrations/versions/20260914_02_phase_2b_laboratory_master_data.py-f31c42a50e766ee8f4e438c629bdd733f59df97e844805198b2e81806e1dfb32] PASSED [  8%]
tests/test_phase_2d_migration.py::test_deployed_migration_files_are_unchanged[migrations/versions/20260914_03_phase_2c_laboratory_workflow.py-03e84df36ace7aa3d8216486bd6013dd7849b5ddae1a6453dc72e1a06eab2b26] PASSED [  8%]
tests/test_phase_2d_models.py::test_exact_metadata_snapshots_and_existing_application PASSED [  8%]
tests/test_phase_2d_models.py::test_exact_workbook_columns_types_nullability_keys_and_defaults[attachment] PASSED [  9%]
tests/test_phase_2d_models.py::test_exact_workbook_columns_types_nullability_keys_and_defaults[audit_log] PASSED [  9%]
tests/test_phase_2d_models.py::test_exact_workbook_columns_types_nullability_keys_and_defaults[blockchain_event] PASSED [  9%]
tests/test_phase_2d_models.py::test_exact_workbook_columns_types_nullability_keys_and_defaults[blockchain_node] PASSED [  9%]
tests/test_phase_2d_models.py::test_exact_workbook_columns_types_nullability_keys_and_defaults[blockchain_sync_log] PASSED [  9%]
tests/test_phase_2d_models.py::test_exact_workbook_columns_types_nullability_keys_and_defaults[blockchain_verification_log] PASSED [  9%]
tests/test_phase_2d_models.py::test_exact_workbook_columns_types_nullability_keys_and_defaults[email_log] PASSED [  9%]
tests/test_phase_2d_models.py::test_exact_workbook_columns_types_nullability_keys_and_defaults[lab_report] PASSED [  9%]
tests/test_phase_2d_models.py::test_exact_workbook_columns_types_nullability_keys_and_defaults[login_log] PASSED [  9%]
tests/test_phase_2d_models.py::test_exact_workbook_columns_types_nullability_keys_and_defaults[print_log] PASSED [  9%]
tests/test_phase_2d_models.py::test_exact_workbook_columns_types_nullability_keys_and_defaults[report_patient_snapshot] PASSED [  9%]
tests/test_phase_2d_models.py::test_exact_workbook_columns_types_nullability_keys_and_defaults[report_result_item] PASSED [ 10%]
tests/test_phase_2d_models.py::test_exact_workbook_columns_types_nullability_keys_and_defaults[report_signatory] PASSED [ 10%]
tests/test_phase_2d_models.py::test_exact_workbook_columns_types_nullability_keys_and_defaults[report_template] PASSED [ 10%]
tests/test_phase_2d_models.py::test_exact_workbook_columns_types_nullability_keys_and_defaults[report_verification] PASSED [ 10%]
tests/test_phase_2d_models.py::test_exact_workbook_columns_types_nullability_keys_and_defaults[signatory] PASSED [ 10%]
tests/test_phase_2d_models.py::test_mysql_storage_indexes_and_restrictive_foreign_keys[attachment] PASSED [ 10%]
tests/test_phase_2d_models.py::test_mysql_storage_indexes_and_restrictive_foreign_keys[audit_log] PASSED [ 10%]
tests/test_phase_2d_models.py::test_mysql_storage_indexes_and_restrictive_foreign_keys[blockchain_event] PASSED [ 10%]
tests/test_phase_2d_models.py::test_mysql_storage_indexes_and_restrictive_foreign_keys[blockchain_node] PASSED [ 10%]
tests/test_phase_2d_models.py::test_mysql_storage_indexes_and_restrictive_foreign_keys[blockchain_sync_log] PASSED [ 10%]
tests/test_phase_2d_models.py::test_mysql_storage_indexes_and_restrictive_foreign_keys[blockchain_verification_log] PASSED [ 10%]
tests/test_phase_2d_models.py::test_mysql_storage_indexes_and_restrictive_foreign_keys[email_log] PASSED [ 11%]
tests/test_phase_2d_models.py::test_mysql_storage_indexes_and_restrictive_foreign_keys[lab_report] PASSED [ 11%]
tests/test_phase_2d_models.py::test_mysql_storage_indexes_and_restrictive_foreign_keys[login_log] PASSED [ 11%]
tests/test_phase_2d_models.py::test_mysql_storage_indexes_and_restrictive_foreign_keys[print_log] PASSED [ 11%]
tests/test_phase_2d_models.py::test_mysql_storage_indexes_and_restrictive_foreign_keys[report_patient_snapshot] PASSED [ 11%]
tests/test_phase_2d_models.py::test_mysql_storage_indexes_and_restrictive_foreign_keys[report_result_item] PASSED [ 11%]
tests/test_phase_2d_models.py::test_mysql_storage_indexes_and_restrictive_foreign_keys[report_signatory] PASSED [ 11%]
tests/test_phase_2d_models.py::test_mysql_storage_indexes_and_restrictive_foreign_keys[report_template] PASSED [ 11%]
tests/test_phase_2d_models.py::test_mysql_storage_indexes_and_restrictive_foreign_keys[report_verification] PASSED [ 11%]
tests/test_phase_2d_models.py::test_mysql_storage_indexes_and_restrictive_foreign_keys[signatory] PASSED [ 11%]
tests/test_phase_2d_models.py::test_canonical_native_mysql_enums[lab_report-report_status-values0] PASSED [ 12%]
tests/test_phase_2d_models.py::test_canonical_native_mysql_enums[report_signatory-signatory_type-values1] PASSED [ 12%]
tests/test_phase_2d_models.py::test_canonical_native_mysql_enums[report_verification-verification_status-values2] PASSED [ 12%]
tests/test_phase_2d_models.py::test_canonical_native_mysql_enums[email_log-status-values3] PASSED [ 12%]
tests/test_phase_2d_models.py::test_canonical_native_mysql_enums[login_log-status-values4] PASSED [ 12%]
tests/test_phase_2d_models.py::test_canonical_native_mysql_enums[blockchain_event-event_status-values5] PASSED [ 12%]
tests/test_phase_2d_models.py::test_canonical_native_mysql_enums[blockchain_verification_log-verification_status-values6] PASSED [ 12%]
tests/test_phase_2d_models.py::test_canonical_native_mysql_enums[blockchain_sync_log-sync_status-values7] PASSED [ 12%]
tests/test_phase_2d_models.py::test_attachment_inclusive_parent_check PASSED [ 12%]
tests/test_phase_3a_authentication_rbac.py::test_argon2id_password_security PASSED [ 12%]
tests/test_phase_3a_authentication_rbac.py::test_unknown_user_performs_password_verification PASSED [ 12%]
tests/test_phase_3a_authentication_rbac.py::test_login_cookies_hashes_logs_and_expiry PASSED [ 13%]
tests/test_phase_3a_authentication_rbac.py::test_login_denials_are_identical_and_logged[tester-wrong-ACTIVE-1] PASSED [ 13%]
tests/test_phase_3a_authentication_rbac.py::test_login_denials_are_identical_and_logged[missing-Synthetic-password-123!-ACTIVE-None] PASSED [ 13%]
tests/test_phase_3a_authentication_rbac.py::test_login_denials_are_identical_and_logged[tester-Synthetic-password-123!-INACTIVE-1] PASSED [ 13%]
tests/test_phase_3a_authentication_rbac.py::test_login_denials_are_identical_and_logged[tester-Synthetic-password-123!-LOCKED-1] PASSED [ 13%]
tests/test_phase_3a_authentication_rbac.py::test_validation_never_echoes_password[payload0] PASSED [ 13%]
tests/test_phase_3a_authentication_rbac.py::test_validation_never_echoes_password[payload1] PASSED [ 13%]
tests/test_phase_3a_authentication_rbac.py::test_validation_never_echoes_password[payload2] PASSED [ 13%]
tests/test_phase_3a_authentication_rbac.py::test_validation_never_echoes_password[payload3] PASSED [ 13%]
tests/test_phase_3a_authentication_rbac.py::test_validation_never_echoes_password[payload4] PASSED [ 13%]
tests/test_phase_3a_authentication_rbac.py::test_validation_never_echoes_password[payload5] PASSED [ 13%]
tests/test_phase_3a_authentication_rbac.py::test_validation_never_echoes_password[payload6] PASSED [ 14%]
tests/test_phase_3a_authentication_rbac.py::test_invalid_json_never_echoes_body PASSED [ 14%]
tests/test_phase_3a_authentication_rbac.py::test_cross_origin_login_rejected[headers0] PASSED [ 14%]
tests/test_phase_3a_authentication_rbac.py::test_cross_origin_login_rejected[headers1] PASSED [ 14%]
tests/test_phase_3a_authentication_rbac.py::test_cross_origin_login_rejected[headers2] PASSED [ 14%]
tests/test_phase_3a_authentication_rbac.py::test_same_origin_login_and_forwarded_header_not_trusted PASSED [ 14%]
tests/test_phase_3a_authentication_rbac.py::test_invalid_sessions_rejected[missing] PASSED [ 14%]
tests/test_phase_3a_authentication_rbac.py::test_invalid_sessions_rejected[unknown] PASSED [ 14%]
tests/test_phase_3a_authentication_rbac.py::test_invalid_sessions_rejected[expired] PASSED [ 14%]
tests/test_phase_3a_authentication_rbac.py::test_invalid_sessions_rejected[revoked] PASSED [ 14%]
tests/test_phase_3a_authentication_rbac.py::test_invalid_sessions_rejected[inactive] PASSED [ 14%]
tests/test_phase_3a_authentication_rbac.py::test_invalid_sessions_rejected[locked] PASSED [ 15%]
tests/test_phase_3a_authentication_rbac.py::test_me_safe_fields_permissions_and_no_csrf_requirement PASSED [ 15%]
tests/test_phase_3a_authentication_rbac.py::test_me_linked_identity_allowlist[staff] PASSED [ 15%]
tests/test_phase_3a_authentication_rbac.py::test_me_linked_identity_allowlist[patient] PASSED [ 15%]
tests/test_phase_3a_authentication_rbac.py::test_unsafe_dependencies_require_csrf[/role] PASSED [ 15%]
tests/test_phase_3a_authentication_rbac.py::test_unsafe_dependencies_require_csrf[/permission] PASSED [ 15%]
tests/test_phase_3a_authentication_rbac.py::test_unsafe_dependencies_require_csrf[/user] PASSED [ 15%]
tests/test_phase_3a_authentication_rbac.py::test_unsafe_dependencies_require_csrf[/api/v1/auth/logout] PASSED [ 15%]
tests/test_phase_3a_authentication_rbac.py::test_other_unsafe_methods_require_csrf[PUT] PASSED [ 15%]
tests/test_phase_3a_authentication_rbac.py::test_other_unsafe_methods_require_csrf[PATCH] PASSED [ 15%]
tests/test_phase_3a_authentication_rbac.py::test_other_unsafe_methods_require_csrf[DELETE] PASSED [ 16%]
tests/test_phase_3a_authentication_rbac.py::test_csrf_is_bound_to_the_session PASSED [ 16%]
tests/test_phase_3a_authentication_rbac.py::test_logout_revokes_preserves_logs_and_clears_secure_cookies PASSED [ 16%]
tests/test_phase_3a_authentication_rbac.py::test_relogin_rotates_and_revokes_previous_session PASSED [ 16%]
tests/test_phase_3a_authentication_rbac.py::test_rbac_and_changes_without_new_session PASSED [ 16%]
tests/test_phase_3a_authentication_rbac.py::test_wrong_role_and_system_admin_permission_override PASSED [ 16%]
tests/test_phase_3a_authentication_rbac.py::test_no_role_or_permission_codes_is_configuration_error PASSED [ 16%]
tests/test_phase_3a_authentication_rbac.py::test_failed_login_transaction_leaves_no_partial_success[AuthSession] PASSED [ 16%]
tests/test_phase_3a_authentication_rbac.py::test_failed_login_transaction_leaves_no_partial_success[LoginLog] PASSED [ 16%]
tests/test_phase_3a_authentication_rbac.py::test_failed_login_transaction_leaves_no_partial_success[AuditLog] PASSED [ 16%]
tests/test_phase_3a_authentication_rbac.py::test_logout_failure_rolls_back_revocation PASSED [ 16%]
tests/test_phase_3a_authentication_rbac.py::test_bootstrap_admin_atomic_and_hashed PASSED [ 17%]
tests/test_phase_3a_authentication_rbac.py::test_bootstrap_rejects_invalid_input_without_changes[-Synthetic-password-123!] PASSED [ 17%]
tests/test_phase_3a_authentication_rbac.py::test_bootstrap_rejects_invalid_input_without_changes[aaaaaaaaaaaaaaaaaaaaaaaaaaaaaaaaaaaaaaaaaaaaaaaaaaaaaaaaaaaaa-Synthetic-password-123!] PASSED [ 17%]
tests/test_phase_3a_authentication_rbac.py::test_bootstrap_rejects_invalid_input_without_changes[admin-short] PASSED [ 17%]
tests/test_phase_3a_authentication_rbac.py::test_bootstrap_rejects_invalid_input_without_changes[admin-] PASSED [ 17%]
tests/test_phase_3a_authentication_rbac.py::test_bootstrap_assignment_failure_rolls_back_roles_account_audit PASSED [ 17%]
tests/test_phase_3a_authentication_rbac.py::test_core_roles_idempotent_preserves_existing_roles PASSED [ 17%]
tests/test_phase_3a_authentication_rbac.py::test_bootstrap_refuses_disabled_admin_role PASSED [ 17%]
tests/test_phase_3a_authentication_rbac.py::test_interactive_bootstrap_no_password_output PASSED [ 17%]
tests/test_phase_3a_authentication_rbac.py::test_bootstrap_username_option_and_no_insecure_getpass_fallback PASSED [ 17%]
tests/test_phase_3a_authentication_rbac.py::test_production_cookie_settings_validation PASSED [ 17%]
tests/test_phase_3a_authentication_rbac.py::test_openapi_and_existing_application_routes PASSED [ 18%]
tests/test_phase_3a_migration.py::test_session_schema_and_only_one_new_infrastructure_table PASSED [ 18%]
tests/test_phase_3a_migration.py::test_new_head_offline_mysql_upgrade_and_downgrade PASSED [ 18%]
tests/test_phase_3a_migration.py::test_upgrade_constraints_and_downgrade_preserve_previous_data PASSED [ 18%]
tests/test_phase_3a_migration.py::test_phase_2d_migration_is_byte_for_byte_unchanged PASSED [ 18%]
tests/test_phase_3b_identity_admin.py::test_each_route_requires_session_permission_and_csrf[POST-/patients-body0-PATIENT_CREATE] PASSED [ 18%]
tests/test_phase_3b_identity_admin.py::test_each_route_requires_session_permission_and_csrf[GET-/patients-None-PATIENT_READ] PASSED [ 18%]
tests/test_phase_3b_identity_admin.py::test_each_route_requires_session_permission_and_csrf[GET-/patients/999-None-PATIENT_READ] PASSED [ 18%]
tests/test_phase_3b_identity_admin.py::test_each_route_requires_session_permission_and_csrf[PATCH-/patients/999-body3-PATIENT_UPDATE] PASSED [ 18%]
tests/test_phase_3b_identity_admin.py::test_each_route_requires_session_permission_and_csrf[POST-/staff-body4-STAFF_CREATE] PASSED [ 18%]
tests/test_phase_3b_identity_admin.py::test_each_route_requires_session_permission_and_csrf[GET-/staff-None-STAFF_READ] PASSED [ 18%]
tests/test_phase_3b_identity_admin.py::test_each_route_requires_session_permission_and_csrf[GET-/staff/999-None-STAFF_READ] PASSED [ 19%]
tests/test_phase_3b_identity_admin.py::test_each_route_requires_session_permission_and_csrf[PATCH-/staff/999-body7-STAFF_UPDATE] PASSED [ 19%]
tests/test_phase_3b_identity_admin.py::test_each_route_requires_session_permission_and_csrf[POST-/referring-facilities-body8-REFERRING_FACILITY_CREATE] PASSED [ 19%]
tests/test_phase_3b_identity_admin.py::test_each_route_requires_session_permission_and_csrf[GET-/referring-facilities-None-REFERRING_FACILITY_READ] PASSED [ 19%]
tests/test_phase_3b_identity_admin.py::test_each_route_requires_session_permission_and_csrf[GET-/referring-facilities/999-None-REFERRING_FACILITY_READ] PASSED [ 19%]
tests/test_phase_3b_identity_admin.py::test_each_route_requires_session_permission_and_csrf[PATCH-/referring-facilities/999-body11-REFERRING_FACILITY_UPDATE] PASSED [ 19%]
tests/test_phase_3b_identity_admin.py::test_each_route_requires_session_permission_and_csrf[POST-/physicians-body12-PHYSICIAN_CREATE] PASSED [ 19%]
tests/test_phase_3b_identity_admin.py::test_each_route_requires_session_permission_and_csrf[GET-/physicians-None-PHYSICIAN_READ] PASSED [ 19%]
tests/test_phase_3b_identity_admin.py::test_each_route_requires_session_permission_and_csrf[GET-/physicians/999-None-PHYSICIAN_READ] PASSED [ 19%]
tests/test_phase_3b_identity_admin.py::test_each_route_requires_session_permission_and_csrf[PATCH-/physicians/999-body15-PHYSICIAN_UPDATE] PASSED [ 19%]
tests/test_phase_3b_identity_admin.py::test_each_route_requires_session_permission_and_csrf[POST-/staff/1/account-body16-ACCOUNT_CREATE] PASSED [ 20%]
tests/test_phase_3b_identity_admin.py::test_each_route_requires_session_permission_and_csrf[GET-/users-None-ACCOUNT_READ] PASSED [ 20%]
tests/test_phase_3b_identity_admin.py::test_each_route_requires_session_permission_and_csrf[GET-/users/2-None-ACCOUNT_READ] PASSED [ 20%]
tests/test_phase_3b_identity_admin.py::test_each_route_requires_session_permission_and_csrf[PATCH-/users/2/status-body19-ACCOUNT_STATUS_UPDATE] PASSED [ 20%]
tests/test_phase_3b_identity_admin.py::test_each_route_requires_session_permission_and_csrf[PUT-/users/2/roles-body20-ROLE_ASSIGN] PASSED [ 20%]
tests/test_phase_3b_identity_admin.py::test_each_route_requires_session_permission_and_csrf[GET-/roles-None-ROLE_READ] PASSED [ 20%]
tests/test_phase_3b_identity_admin.py::test_each_route_requires_session_permission_and_csrf[GET-/permissions-None-ROLE_READ] PASSED [ 20%]
tests/test_phase_3b_identity_admin.py::test_identity_lifecycle_and_audit[patients-patient_id-PATIENT-body0] PASSED [ 20%]
tests/test_phase_3b_identity_admin.py::test_identity_lifecycle_and_audit[staff-staff_id-STAFF-body1] PASSED [ 20%]
tests/test_phase_3b_identity_admin.py::test_identity_lifecycle_and_audit[referring-facilities-referring_facility_id-REFERRING_FACILITY-body2] PASSED [ 20%]
tests/test_phase_3b_identity_admin.py::test_identity_lifecycle_and_audit[physicians-physician_id-PHYSICIAN-body3] PASSED [ 20%]
tests/test_phase_3b_identity_admin.py::test_paginated_search_filters_and_ordering[patients-patient_id-PATIENT-body0] PASSED [ 21%]
tests/test_phase_3b_identity_admin.py::test_paginated_search_filters_and_ordering[staff-staff_id-STAFF-body1] PASSED [ 21%]
tests/test_phase_3b_identity_admin.py::test_paginated_search_filters_and_ordering[referring-facilities-referring_facility_id-REFERRING_FACILITY-body2] PASSED [ 21%]
tests/test_phase_3b_identity_admin.py::test_paginated_search_filters_and_ordering[physicians-physician_id-PHYSICIAN-body3] PASSED [ 21%]
tests/test_phase_3b_identity_admin.py::test_duplicate_codes_create_and_patch_rollback[patients-patient_id-PATIENT-body0] PASSED [ 21%]
tests/test_phase_3b_identity_admin.py::test_duplicate_codes_create_and_patch_rollback[staff-staff_id-STAFF-body1] PASSED [ 21%]
tests/test_phase_3b_identity_admin.py::test_input_allowlists_required_nulls_and_lengths[patients-patient_id-PATIENT-body0] PASSED [ 21%]
tests/test_phase_3b_identity_admin.py::test_input_allowlists_required_nulls_and_lengths[staff-staff_id-STAFF-body1] PASSED [ 21%]
tests/test_phase_3b_identity_admin.py::test_input_allowlists_required_nulls_and_lengths[referring-facilities-referring_facility_id-REFERRING_FACILITY-body2] PASSED [ 21%]
tests/test_phase_3b_identity_admin.py::test_input_allowlists_required_nulls_and_lengths[physicians-physician_id-PHYSICIAN-body3] PASSED [ 21%]
tests/test_phase_3b_identity_admin.py::test_email_validation_and_optional_values[patients] PASSED [ 21%]
tests/test_phase_3b_identity_admin.py::test_email_validation_and_optional_values[staff] PASSED [ 22%]
tests/test_phase_3b_identity_admin.py::test_patient_sex_birth_date_and_no_activation PASSED [ 22%]
tests/test_phase_3b_identity_admin.py::test_physician_facility_relationship PASSED [ 22%]
tests/test_phase_3b_identity_admin.py::test_staff_account_success_safe_metadata_links_and_hash PASSED [ 22%]
tests/test_phase_3b_identity_admin.py::test_failed_staff_accounts_leave_no_partial_records[change0-409] PASSED [ 22%]
tests/test_phase_3b_identity_admin.py::test_failed_staff_accounts_leave_no_partial_records[change1-422] PASSED [ 22%]
tests/test_phase_3b_identity_admin.py::test_failed_staff_accounts_leave_no_partial_records[change2-422] PASSED [ 22%]
tests/test_phase_3b_identity_admin.py::test_failed_staff_accounts_leave_no_partial_records[change3-422] PASSED [ 22%]
tests/test_phase_3b_identity_admin.py::test_failed_staff_accounts_leave_no_partial_records[change4-422] PASSED [ 22%]
tests/test_phase_3b_identity_admin.py::test_failed_staff_accounts_leave_no_partial_records[change5-422] PASSED [ 22%]
tests/test_phase_3b_identity_admin.py::test_failed_staff_accounts_leave_no_partial_records[change6-422] PASSED [ 22%]
tests/test_phase_3b_identity_admin.py::test_failed_staff_accounts_leave_no_partial_records[change7-422] PASSED [ 23%]
tests/test_phase_3b_identity_admin.py::test_inactive_and_missing_staff PASSED [ 23%]
tests/test_phase_3b_identity_admin.py::test_staff_account_database_failure_is_atomic_and_private[StaffAccountLink] PASSED [ 23%]
tests/test_phase_3b_identity_admin.py::test_staff_account_database_failure_is_atomic_and_private[UserRole] PASSED [ 23%]
tests/test_phase_3b_identity_admin.py::test_staff_account_database_failure_is_atomic_and_private[AuditLog] PASSED [ 23%]
tests/test_phase_3b_identity_admin.py::test_disable_revokes_all_sessions_and_reactivation_does_not_restore_them[INACTIVE] PASSED [ 23%]
tests/test_phase_3b_identity_admin.py::test_disable_revokes_all_sessions_and_reactivation_does_not_restore_them[LOCKED] PASSED [ 23%]
tests/test_phase_3b_identity_admin.py::test_role_discovery_replacement_assignment_and_live_auth PASSED [ 23%]
tests/test_phase_3b_identity_admin.py::test_last_active_admin_protection[disable] PASSED [ 23%]
tests/test_phase_3b_identity_admin.py::test_last_active_admin_protection[lock] PASSED [ 23%]
tests/test_phase_3b_identity_admin.py::test_last_active_admin_protection[remove] PASSED [ 24%]
tests/test_phase_3b_identity_admin.py::test_audit_failure_rolls_back_mutation_and_revocation[status] PASSED [ 24%]
tests/test_phase_3b_identity_admin.py::test_audit_failure_rolls_back_mutation_and_revocation[roles] PASSED [ 24%]
tests/test_phase_3b_identity_admin.py::test_audit_failure_rolls_back_mutation_and_revocation[patient] PASSED [ 24%]
tests/test_phase_3b_identity_admin.py::test_role_assignment_cannot_escalate_and_account_creation_cannot_bypass_it PASSED [ 24%]
tests/test_phase_3b_identity_admin.py::test_nonadmin_cannot_manage_administrator_target PASSED [ 24%]
tests/test_phase_3b_identity_admin.py::test_bootstrap_idempotent_preserves_metadata_and_assignments PASSED [ 24%]
tests/test_phase_3b_identity_admin.py::test_bootstrap_failure_safe PASSED [ 24%]
tests/test_phase_3b_identity_admin.py::test_invalid_account_json_never_echoes_secret PASSED [ 24%]
tests/test_phase_3b_identity_admin.py::test_users_pagination_and_no_credentials PASSED [ 24%]
tests/test_phase_3b_identity_admin.py::test_openapi_contract_and_migration_chain PASSED [ 24%]
tests/test_phase_3b_identity_admin.py::test_account_patient_summary_is_read_only_and_minimal PASSED [ 25%]
tests/test_phase_3b_identity_admin.py::test_audit_values_never_contain_identity_values_or_auth_secrets PASSED [ 25%]
tests/test_phase_3b_identity_admin.py::test_role_replacement_overwrites_provenance_and_empty_patch_preserves_data PASSED [ 25%]
tests/test_phase_3b_mysql.py::test_mysql_concurrency[disable] PASSED     [ 25%]
tests/test_phase_3b_mysql.py::test_mysql_concurrency[roles] PASSED       [ 25%]
tests/test_phase_3b_mysql.py::test_mysql_concurrency[mixed] PASSED       [ 25%]
tests/test_phase_3b_mysql.py::test_mysql_concurrency[account] PASSED     [ 25%]
tests/test_phase_3b_mysql.py::test_mysql_concurrency[login_disable] PASSED [ 25%]
tests/test_phase_3c_laboratory.py::test_all_routes_session_permission_csrf[POST-/departments-body0-LAB_DEPARTMENT_MANAGE] PASSED [ 25%]
tests/test_phase_3c_laboratory.py::test_all_routes_session_permission_csrf[GET-/departments-None-LAB_MASTER_READ] PASSED [ 25%]
tests/test_phase_3c_laboratory.py::test_all_routes_session_permission_csrf[GET-/departments/999-None-LAB_MASTER_READ] PASSED [ 25%]
tests/test_phase_3c_laboratory.py::test_all_routes_session_permission_csrf[PATCH-/departments/999-body3-LAB_DEPARTMENT_MANAGE] PASSED [ 26%]
tests/test_phase_3c_laboratory.py::test_all_routes_session_permission_csrf[POST-/sample-types-body4-SAMPLE_TYPE_MANAGE] PASSED [ 26%]
tests/test_phase_3c_laboratory.py::test_all_routes_session_permission_csrf[GET-/sample-types-None-LAB_MASTER_READ] PASSED [ 26%]
tests/test_phase_3c_laboratory.py::test_all_routes_session_permission_csrf[GET-/sample-types/999-None-LAB_MASTER_READ] PASSED [ 26%]
tests/test_phase_3c_laboratory.py::test_all_routes_session_permission_csrf[PATCH-/sample-types/999-body7-SAMPLE_TYPE_MANAGE] PASSED [ 26%]
tests/test_phase_3c_laboratory.py::test_all_routes_session_permission_csrf[POST-/tests-body8-TEST_CATALOG_MANAGE] PASSED [ 26%]
tests/test_phase_3c_laboratory.py::test_all_routes_session_permission_csrf[GET-/tests-None-LAB_MASTER_READ] PASSED [ 26%]
tests/test_phase_3c_laboratory.py::test_all_routes_session_permission_csrf[GET-/tests/999-None-LAB_MASTER_READ] PASSED [ 26%]
tests/test_phase_3c_laboratory.py::test_all_routes_session_permission_csrf[PATCH-/tests/999-body11-TEST_CATALOG_MANAGE] PASSED [ 26%]
tests/test_phase_3c_laboratory.py::test_all_routes_session_permission_csrf[POST-/panels-body12-TEST_PANEL_MANAGE] PASSED [ 26%]
tests/test_phase_3c_laboratory.py::test_all_routes_session_permission_csrf[GET-/panels-None-LAB_MASTER_READ] PASSED [ 26%]
tests/test_phase_3c_laboratory.py::test_all_routes_session_permission_csrf[GET-/panels/999-None-LAB_MASTER_READ] PASSED [ 27%]
tests/test_phase_3c_laboratory.py::test_all_routes_session_permission_csrf[PATCH-/panels/999-body15-TEST_PANEL_MANAGE] PASSED [ 27%]
tests/test_phase_3c_laboratory.py::test_all_routes_session_permission_csrf[GET-/tests/1/sample-types-None-LAB_MASTER_READ] PASSED [ 27%]
tests/test_phase_3c_laboratory.py::test_all_routes_session_permission_csrf[PUT-/tests/1/sample-types-body17-TEST_CATALOG_MANAGE] PASSED [ 27%]
tests/test_phase_3c_laboratory.py::test_all_routes_session_permission_csrf[GET-/panels/1/tests-None-LAB_MASTER_READ] PASSED [ 27%]
tests/test_phase_3c_laboratory.py::test_all_routes_session_permission_csrf[PUT-/panels/1/tests-body19-TEST_PANEL_MANAGE] PASSED [ 27%]
tests/test_phase_3c_laboratory.py::test_all_routes_session_permission_csrf[GET-/panels/1/sections-None-LAB_MASTER_READ] PASSED [ 27%]
tests/test_phase_3c_laboratory.py::test_all_routes_session_permission_csrf[POST-/panels/1/sections-body21-TEST_PANEL_MANAGE] PASSED [ 27%]
tests/test_phase_3c_laboratory.py::test_all_routes_session_permission_csrf[PATCH-/panels/1/sections/1-body22-TEST_PANEL_MANAGE] PASSED [ 27%]
tests/test_phase_3c_laboratory.py::test_all_routes_session_permission_csrf[GET-/tests/1/reference-range?sex=M&age_years=32&as_of_date=2026-09-15-None-LAB_MASTER_READ] PASSED [ 27%]
tests/test_phase_3c_laboratory.py::test_all_routes_session_permission_csrf[POST-/tests/1/reference-ranges-body24-REFERENCE_RANGE_MANAGE] PASSED [ 28%]
tests/test_phase_3c_laboratory.py::test_all_routes_session_permission_csrf[GET-/tests/1/reference-ranges-None-LAB_MASTER_READ] PASSED [ 28%]
tests/test_phase_3c_laboratory.py::test_all_routes_session_permission_csrf[GET-/reference-ranges/999-None-LAB_MASTER_READ] PASSED [ 28%]
tests/test_phase_3c_laboratory.py::test_all_routes_session_permission_csrf[PATCH-/reference-ranges/999-body27-REFERENCE_RANGE_MANAGE] PASSED [ 28%]
tests/test_phase_3c_laboratory.py::test_all_routes_session_permission_csrf[POST-/tests/1/interpretation-rules-body28-INTERPRETATION_RULE_MANAGE] PASSED [ 28%]
tests/test_phase_3c_laboratory.py::test_all_routes_session_permission_csrf[GET-/tests/1/interpretation-rules-None-LAB_MASTER_READ] PASSED [ 28%]
tests/test_phase_3c_laboratory.py::test_all_routes_session_permission_csrf[GET-/interpretation-rules/999-None-LAB_MASTER_READ] PASSED [ 28%]
tests/test_phase_3c_laboratory.py::test_all_routes_session_permission_csrf[PATCH-/interpretation-rules/999-body31-INTERPRETATION_RULE_MANAGE] PASSED [ 28%]
tests/test_phase_3c_laboratory.py::test_master_lifecycle_duplicate_pagination_search_audit[departments-department_id-department_code-department_name-LAB_DEPARTMENT-body0] PASSED [ 28%]
tests/test_phase_3c_laboratory.py::test_master_lifecycle_duplicate_pagination_search_audit[sample-types-sample_type_id-sample_name-sample_name-SAMPLE_TYPE-body1] PASSED [ 28%]
tests/test_phase_3c_laboratory.py::test_master_lifecycle_duplicate_pagination_search_audit[tests-test_id-test_code-test_name-TEST-body2] PASSED [ 28%]
tests/test_phase_3c_laboratory.py::test_master_lifecycle_duplicate_pagination_search_audit[panels-panel_id-panel_code-panel_name-PANEL-body3] PASSED [ 29%]
tests/test_phase_3c_laboratory.py::test_allowlists_required_fields_lengths[departments-department_id-department_code-department_name-LAB_DEPARTMENT-body0] PASSED [ 29%]
tests/test_phase_3c_laboratory.py::test_allowlists_required_fields_lengths[sample-types-sample_type_id-sample_name-sample_name-SAMPLE_TYPE-body1] PASSED [ 29%]
tests/test_phase_3c_laboratory.py::test_allowlists_required_fields_lengths[tests-test_id-test_code-test_name-TEST-body2] PASSED [ 29%]
tests/test_phase_3c_laboratory.py::test_allowlists_required_fields_lengths[panels-panel_id-panel_code-panel_name-PANEL-body3] PASSED [ 29%]
tests/test_phase_3c_laboratory.py::test_result_type_exact_and_test_filters[NUMERIC] PASSED [ 29%]
tests/test_phase_3c_laboratory.py::test_result_type_exact_and_test_filters[TEXT] PASSED [ 29%]
tests/test_phase_3c_laboratory.py::test_result_type_exact_and_test_filters[POS_NEG] PASSED [ 29%]
tests/test_phase_3c_laboratory.py::test_result_type_exact_and_test_filters[numeric] PASSED [ 29%]
tests/test_phase_3c_laboratory.py::test_result_type_exact_and_test_filters[TEXT ] PASSED [ 29%]
tests/test_phase_3c_laboratory.py::test_result_type_exact_and_test_filters[POSITIVE] PASSED [ 29%]
tests/test_phase_3c_laboratory.py::test_result_type_exact_and_test_filters[] PASSED [ 30%]
tests/test_phase_3c_laboratory.py::test_department_relationships_and_nullable_patch PASSED [ 30%]
tests/test_phase_3c_laboratory.py::test_sample_replacement_and_detail PASSED [ 30%]
tests/test_phase_3c_laboratory.py::test_panel_sections_composition_order_and_cross_panel PASSED [ 30%]
tests/test_phase_3c_laboratory.py::test_replacements_rollback_after_deletion[insert-/tests/1/sample-types-body0-test_sample_type] PASSED [ 30%]
tests/test_phase_3c_laboratory.py::test_replacements_rollback_after_deletion[insert-/panels/1/tests-body1-panel_test] PASSED [ 30%]
tests/test_phase_3c_laboratory.py::test_replacements_rollback_after_deletion[audit-/tests/1/sample-types-body0-test_sample_type] PASSED [ 30%]
tests/test_phase_3c_laboratory.py::test_replacements_rollback_after_deletion[audit-/panels/1/tests-body1-panel_test] PASSED [ 30%]
tests/test_phase_3c_laboratory.py::test_range_invalid_input[change0] PASSED [ 30%]
tests/test_phase_3c_laboratory.py::test_range_invalid_input[change1] PASSED [ 30%]
tests/test_phase_3c_laboratory.py::test_range_invalid_input[change2] PASSED [ 30%]
tests/test_phase_3c_laboratory.py::test_range_invalid_input[change3] PASSED [ 31%]
tests/test_phase_3c_laboratory.py::test_range_invalid_input[change4] PASSED [ 31%]
tests/test_phase_3c_laboratory.py::test_range_invalid_input[change5] PASSED [ 31%]
tests/test_phase_3c_laboratory.py::test_range_invalid_input[change6] PASSED [ 31%]
tests/test_phase_3c_laboratory.py::test_range_invalid_input[change7] PASSED [ 31%]
tests/test_phase_3c_laboratory.py::test_range_invalid_input[change8] PASSED [ 31%]
tests/test_phase_3c_laboratory.py::test_range_invalid_input[change9] PASSED [ 31%]
tests/test_phase_3c_laboratory.py::test_range_invalid_input[change10] PASSED [ 31%]
tests/test_phase_3c_laboratory.py::test_range_invalid_input[change11] PASSED [ 31%]
tests/test_phase_3c_laboratory.py::test_range_invalid_input[change12] PASSED [ 31%]
tests/test_phase_3c_laboratory.py::test_range_invalid_input[change13] PASSED [ 32%]
tests/test_phase_3c_laboratory.py::test_range_invalid_input[change14] PASSED [ 32%]
tests/test_phase_3c_laboratory.py::test_range_invalid_input[change15] PASSED [ 32%]
tests/test_phase_3c_laboratory.py::test_range_invalid_input[change16] PASSED [ 32%]
tests/test_phase_3c_laboratory.py::test_range_invalid_input[change17] PASSED [ 32%]
tests/test_phase_3c_laboratory.py::test_range_decimal_crud_merged_patch PASSED [ 32%]
tests/test_phase_3c_laboratory.py::test_numeric_and_qualitative_fields_optional[NUMERIC] PASSED [ 32%]
tests/test_phase_3c_laboratory.py::test_numeric_and_qualitative_fields_optional[TEXT] PASSED [ 32%]
tests/test_phase_3c_laboratory.py::test_numeric_and_qualitative_fields_optional[POS_NEG] PASSED [ 32%]
tests/test_phase_3c_laboratory.py::test_overlap_policy_inclusive_same_sex[change0-409] PASSED [ 32%]
tests/test_phase_3c_laboratory.py::test_overlap_policy_inclusive_same_sex[change1-409] PASSED [ 32%]
tests/test_phase_3c_laboratory.py::test_overlap_policy_inclusive_same_sex[change2-201] PASSED [ 33%]
tests/test_phase_3c_laboratory.py::test_overlap_policy_inclusive_same_sex[change3-409] PASSED [ 33%]
tests/test_phase_3c_laboratory.py::test_overlap_policy_inclusive_same_sex[change4-201] PASSED [ 33%]
tests/test_phase_3c_laboratory.py::test_overlap_policy_inclusive_same_sex[change5-409] PASSED [ 33%]
tests/test_phase_3c_laboratory.py::test_overlap_policy_inclusive_same_sex[change6-201] PASSED [ 33%]
tests/test_phase_3c_laboratory.py::test_overlap_policy_inclusive_same_sex[change7-201] PASSED [ 33%]
tests/test_phase_3c_laboratory.py::test_overlap_policy_inclusive_same_sex[change8-201] PASSED [ 33%]
tests/test_phase_3c_laboratory.py::test_overlap_patch_activation_and_sex_change PASSED [ 33%]
tests/test_phase_3c_laboratory.py::test_resolver_exact_precedence[M-M] PASSED [ 33%]
tests/test_phase_3c_laboratory.py::test_resolver_exact_precedence[F-F] PASSED [ 33%]
tests/test_phase_3c_laboratory.py::test_resolver_exact_precedence[Other-ANY] PASSED [ 33%]
tests/test_phase_3c_laboratory.py::test_resolver_boundaries_nulls_fallback[bounds0-0-2026-01-01-True] PASSED [ 34%]
tests/test_phase_3c_laboratory.py::test_resolver_boundaries_nulls_fallback[bounds1-99.99-2026-12-31-True] PASSED [ 34%]
tests/test_phase_3c_laboratory.py::test_resolver_boundaries_nulls_fallback[bounds2-99.991-2026-09-15-False] PASSED [ 34%]
tests/test_phase_3c_laboratory.py::test_resolver_boundaries_nulls_fallback[bounds3-32-2025-12-31-False] PASSED [ 34%]
tests/test_phase_3c_laboratory.py::test_resolver_boundaries_nulls_fallback[bounds4-32-2027-01-01-False] PASSED [ 34%]
tests/test_phase_3c_laboratory.py::test_resolver_boundaries_nulls_fallback[bounds5-0-2026-09-15-True] PASSED [ 34%]
tests/test_phase_3c_laboratory.py::test_resolver_boundaries_nulls_fallback[bounds6-200-2026-09-15-True] PASSED [ 34%]
tests/test_phase_3c_laboratory.py::test_resolver_boundaries_nulls_fallback[bounds7-32-1900-01-01-True] PASSED [ 34%]
tests/test_phase_3c_laboratory.py::test_resolver_boundaries_nulls_fallback[bounds8-32-2100-01-01-True] PASSED [ 34%]
tests/test_phase_3c_laboratory.py::test_resolver_boundaries_nulls_fallback[bounds9-32.123456-2026-09-15-True] PASSED [ 34%]
tests/test_phase_3c_laboratory.py::test_resolver_boundaries_nulls_fallback[bounds10-32-2026-09-15-False] PASSED [ 34%]
tests/test_phase_3c_laboratory.py::test_resolver_ignores_inapplicable_exact_and_no_patient_data PASSED [ 35%]
tests/test_phase_3c_laboratory.py::test_resolver_legacy_ambiguity_controlled_and_logged[M] PASSED [ 35%]
tests/test_phase_3c_laboratory.py::test_resolver_legacy_ambiguity_controlled_and_logged[F] PASSED [ 35%]
tests/test_phase_3c_laboratory.py::test_resolver_legacy_ambiguity_controlled_and_logged[ANY] PASSED [ 35%]
tests/test_phase_3c_laboratory.py::test_exact_range_outranks_ambiguous_legacy_fallback PASSED [ 35%]
tests/test_phase_3c_laboratory.py::test_interpretation_rules[NORMAL] PASSED [ 35%]
tests/test_phase_3c_laboratory.py::test_interpretation_rules[LOW] PASSED [ 35%]
tests/test_phase_3c_laboratory.py::test_interpretation_rules[HIGH] PASSED [ 35%]
tests/test_phase_3c_laboratory.py::test_interpretation_rules[CRITICAL_LOW] PASSED [ 35%]
tests/test_phase_3c_laboratory.py::test_interpretation_rules[CRITICAL_HIGH] PASSED [ 35%]
tests/test_phase_3c_laboratory.py::test_interpretation_rules[ABNORMAL] PASSED [ 36%]
tests/test_phase_3c_laboratory.py::test_interpretation_rules[normal] PASSED [ 36%]
tests/test_phase_3c_laboratory.py::test_interpretation_rules[HIGH ] PASSED [ 36%]
tests/test_phase_3c_laboratory.py::test_interpretation_rules[DIAGNOSIS] PASSED [ 36%]
tests/test_phase_3c_laboratory.py::test_rule_patch_duplicate_and_parent_validation PASSED [ 36%]
tests/test_phase_3c_laboratory.py::test_all_audit_actions_and_idempotent_bootstrap PASSED [ 36%]
tests/test_phase_3c_laboratory.py::test_openapi_complete_and_scope PASSED [ 36%]
tests/test_phase_3c_mysql.py::test_mysql_lab_integrity[overlap_create] PASSED [ 36%]
tests/test_phase_3c_mysql.py::test_mysql_lab_integrity[overlap_activate] PASSED [ 36%]
tests/test_phase_3c_mysql.py::test_mysql_lab_integrity[overlap_patch] PASSED [ 36%]
tests/test_phase_3c_mysql.py::test_mysql_lab_integrity[samples] PASSED   [ 36%]
tests/test_phase_3c_mysql.py::test_mysql_lab_integrity[panels] PASSED    [ 37%]
tests/test_phase_3c_mysql.py::test_mysql_lab_integrity[shared_samples] PASSED [ 37%]
tests/test_phase_3c_mysql.py::test_mysql_lab_integrity[shared_tests] PASSED [ 37%]
tests/test_phase_3c_mysql.py::test_mysql_lab_integrity[decimal_rollback] PASSED [ 37%]
tests/test_phase_3c_mysql.py::test_mysql_lab_integrity[retry_exhausted] PASSED [ 37%]
tests/test_phase_3c_mysql.py::test_mysql_lab_integrity[connection_error] PASSED [ 37%]
tests/test_phase_4a_mysql.py::test_mysql_workflow_integrity[collect] PASSED [ 37%]
tests/test_phase_4a_mysql.py::test_mysql_workflow_integrity[receive] PASSED [ 37%]
tests/test_phase_4a_mysql.py::test_mysql_workflow_integrity[reject] PASSED [ 37%]
tests/test_phase_4a_mysql.py::test_mysql_workflow_integrity[register_cancel] PASSED [ 37%]
tests/test_phase_4a_mysql.py::test_mysql_workflow_integrity[collect_cancel] PASSED [ 37%]
tests/test_phase_4a_mysql.py::test_mysql_workflow_integrity[register_twice] PASSED [ 38%]
tests/test_phase_4a_mysql.py::test_mysql_workflow_integrity[panel_snapshot] PASSED [ 38%]
tests/test_phase_4a_mysql.py::test_mysql_workflow_integrity[sample_snapshot] PASSED [ 38%]
tests/test_phase_4a_mysql.py::test_mysql_workflow_integrity[code_collisions] PASSED [ 38%]
tests/test_phase_4a_mysql.py::test_mysql_workflow_integrity[rollback_decimal] PASSED [ 38%]
tests/test_phase_4a_workflow.py::test_every_route_auth_permission_csrf[POST-/lab-orders-body0-LAB_ORDER_CREATE] PASSED [ 38%]
tests/test_phase_4a_workflow.py::test_every_route_auth_permission_csrf[GET-/lab-orders-None-LAB_ORDER_READ] PASSED [ 38%]
tests/test_phase_4a_workflow.py::test_every_route_auth_permission_csrf[GET-/lab-orders/999-None-LAB_ORDER_READ] PASSED [ 38%]
tests/test_phase_4a_workflow.py::test_every_route_auth_permission_csrf[POST-/lab-orders/999/cancel-body3-LAB_ORDER_CANCEL] PASSED [ 38%]
tests/test_phase_4a_workflow.py::test_every_route_auth_permission_csrf[POST-/lab-orders/999/payments-body4-PAYMENT_RECORD] PASSED [ 38%]
tests/test_phase_4a_workflow.py::test_every_route_auth_permission_csrf[GET-/lab-orders/999/payments-None-PAYMENT_READ] PASSED [ 38%]
tests/test_phase_4a_workflow.py::test_every_route_auth_permission_csrf[POST-/lab-orders/999/specimens-body6-SPECIMEN_REGISTER] PASSED [ 39%]
tests/test_phase_4a_workflow.py::test_every_route_auth_permission_csrf[GET-/lab-orders/999/specimens-None-SPECIMEN_READ] PASSED [ 39%]
tests/test_phase_4a_workflow.py::test_every_route_auth_permission_csrf[GET-/specimens/999-None-SPECIMEN_READ] PASSED [ 39%]
tests/test_phase_4a_workflow.py::test_every_route_auth_permission_csrf[POST-/specimens/999/collect-None-SPECIMEN_COLLECT] PASSED [ 39%]
tests/test_phase_4a_workflow.py::test_every_route_auth_permission_csrf[POST-/specimens/999/receive-None-SPECIMEN_RECEIVE] PASSED [ 39%]
tests/test_phase_4a_workflow.py::test_every_route_auth_permission_csrf[POST-/specimens/999/reject-body11-SPECIMEN_REJECT] PASSED [ 39%]
tests/test_phase_4a_workflow.py::test_every_route_auth_permission_csrf[POST-/lab/rejection-reasons-body12-REJECTION_REASON_MANAGE] PASSED [ 39%]
tests/test_phase_4a_workflow.py::test_every_route_auth_permission_csrf[GET-/lab/rejection-reasons-None-REJECTION_REASON_MANAGE] PASSED [ 39%]
tests/test_phase_4a_workflow.py::test_every_route_auth_permission_csrf[PATCH-/lab/rejection-reasons/999-body14-REJECTION_REASON_MANAGE] PASSED [ 39%]
tests/test_phase_4a_workflow.py::test_order_validation_atomic[changes0-422] PASSED [ 39%]
tests/test_phase_4a_workflow.py::test_order_validation_atomic[changes1-422] PASSED [ 40%]
tests/test_phase_4a_workflow.py::test_order_validation_atomic[changes2-409] PASSED [ 40%]
tests/test_phase_4a_workflow.py::test_order_validation_atomic[changes3-422] PASSED [ 40%]
tests/test_phase_4a_workflow.py::test_order_validation_atomic[changes4-422] PASSED [ 40%]
tests/test_phase_4a_workflow.py::test_order_validation_atomic[changes5-422] PASSED [ 40%]
tests/test_phase_4a_workflow.py::test_order_validation_atomic[changes6-422] PASSED [ 40%]
tests/test_phase_4a_workflow.py::test_order_validation_atomic[changes7-422] PASSED [ 40%]
tests/test_phase_4a_workflow.py::test_order_validation_atomic[changes8-409] PASSED [ 40%]
tests/test_phase_4a_workflow.py::test_order_validation_atomic[changes9-409] PASSED [ 40%]
tests/test_phase_4a_workflow.py::test_order_validation_atomic[changes10-409] PASSED [ 40%]
tests/test_phase_4a_workflow.py::test_order_validation_atomic[changes11-422] PASSED [ 40%]
tests/test_phase_4a_workflow.py::test_order_validation_atomic[changes12-422] PASSED [ 41%]
tests/test_phase_4a_workflow.py::test_order_validation_atomic[changes13-422] PASSED [ 41%]
tests/test_phase_4a_workflow.py::test_order_validation_atomic[changes14-422] PASSED [ 41%]
tests/test_phase_4a_workflow.py::test_order_validation_atomic[changes15-422] PASSED [ 41%]
tests/test_phase_4a_workflow.py::test_order_validation_atomic[changes16-422] PASSED [ 41%]
tests/test_phase_4a_workflow.py::test_order_validation_atomic[changes17-422] PASSED [ 41%]
tests/test_phase_4a_workflow.py::test_order_validation_atomic[changes18-422] PASSED [ 41%]
tests/test_phase_4a_workflow.py::test_order_validation_atomic[changes19-422] PASSED [ 41%]
tests/test_phase_4a_workflow.py::test_order_validation_atomic[changes20-422] PASSED [ 41%]
tests/test_phase_4a_workflow.py::test_order_validation_atomic[changes21-422] PASSED [ 41%]
tests/test_phase_4a_workflow.py::test_order_validation_atomic[changes22-422] PASSED [ 41%]
tests/test_phase_4a_workflow.py::test_order_validation_atomic[changes23-422] PASSED [ 42%]
tests/test_phase_4a_workflow.py::test_order_required_fields[payload0] PASSED [ 42%]
tests/test_phase_4a_workflow.py::test_order_required_fields[payload1] PASSED [ 42%]
tests/test_phase_4a_workflow.py::test_order_required_fields[payload2] PASSED [ 42%]
tests/test_phase_4a_workflow.py::test_order_expansion_provenance_and_safe_detail[ROUTINE] PASSED [ 42%]
tests/test_phase_4a_workflow.py::test_order_expansion_provenance_and_safe_detail[STAT] PASSED [ 42%]
tests/test_phase_4a_workflow.py::test_order_expansion_provenance_and_safe_detail[URGENT] PASSED [ 42%]
tests/test_phase_4a_workflow.py::test_panel_configuration_snapshot_and_inactive_component PASSED [ 42%]
tests/test_phase_4a_workflow.py::test_individual_and_panel_only_requests PASSED [ 42%]
tests/test_phase_4a_workflow.py::test_list_pagination_filters_search_and_dates PASSED [ 42%]
tests/test_phase_4a_workflow.py::test_cancel_preserves_completed_children_specimens_and_history[False] PASSED [ 42%]
tests/test_phase_4a_workflow.py::test_cancel_preserves_completed_children_specimens_and_history[True] PASSED [ 43%]
tests/test_phase_4a_workflow.py::test_completed_order_cannot_cancel_or_register PASSED [ 43%]
tests/test_phase_4a_workflow.py::test_payment_append_only_decimal_history[PENDING] PASSED [ 43%]
tests/test_phase_4a_workflow.py::test_payment_append_only_decimal_history[PAID] PASSED [ 43%]
tests/test_phase_4a_workflow.py::test_payment_append_only_decimal_history[FREE] PASSED [ 43%]
tests/test_phase_4a_workflow.py::test_payment_append_only_decimal_history[WAIVED] PASSED [ 43%]
tests/test_phase_4a_workflow.py::test_payment_append_only_decimal_history[SUBSIDIZED] PASSED [ 43%]
tests/test_phase_4a_workflow.py::test_invalid_payment[changes0] PASSED   [ 43%]
tests/test_phase_4a_workflow.py::test_invalid_payment[changes1] PASSED   [ 43%]
tests/test_phase_4a_workflow.py::test_invalid_payment[changes2] PASSED   [ 43%]
tests/test_phase_4a_workflow.py::test_invalid_payment[changes3] PASSED   [ 44%]
tests/test_phase_4a_workflow.py::test_invalid_payment[changes4] PASSED   [ 44%]
tests/test_phase_4a_workflow.py::test_invalid_payment[changes5] PASSED   [ 44%]
tests/test_phase_4a_workflow.py::test_invalid_payment[changes6] PASSED   [ 44%]
tests/test_phase_4a_workflow.py::test_invalid_payment[changes7] PASSED   [ 44%]
tests/test_phase_4a_workflow.py::test_invalid_payment[changes8] PASSED   [ 44%]
tests/test_phase_4a_workflow.py::test_invalid_payment[changes9] PASSED   [ 44%]
tests/test_phase_4a_workflow.py::test_invalid_payment[changes10] PASSED  [ 44%]
tests/test_phase_4a_workflow.py::test_invalid_payment[changes11] PASSED  [ 44%]
tests/test_phase_4a_workflow.py::test_invalid_payment[changes12] PASSED  [ 44%]
tests/test_phase_4a_workflow.py::test_invalid_payment[changes13] PASSED  [ 44%]
tests/test_phase_4a_workflow.py::test_zero_max_decimal_payments_and_terminal_order_history PASSED [ 45%]
tests/test_phase_4a_workflow.py::test_specimen_invalid_atomic[changes0-422] PASSED [ 45%]
tests/test_phase_4a_workflow.py::test_specimen_invalid_atomic[changes1-409] PASSED [ 45%]
tests/test_phase_4a_workflow.py::test_specimen_invalid_atomic[changes2-422] PASSED [ 45%]
tests/test_phase_4a_workflow.py::test_specimen_invalid_atomic[changes3-422] PASSED [ 45%]
tests/test_phase_4a_workflow.py::test_specimen_invalid_atomic[changes4-422] PASSED [ 45%]
tests/test_phase_4a_workflow.py::test_specimen_invalid_atomic[changes5-409] PASSED [ 45%]
tests/test_phase_4a_workflow.py::test_specimen_invalid_atomic[changes6-422] PASSED [ 45%]
tests/test_phase_4a_workflow.py::test_specimen_invalid_atomic[changes7-422] PASSED [ 45%]
tests/test_phase_4a_workflow.py::test_specimen_invalid_atomic[changes8-422] PASSED [ 45%]
tests/test_phase_4a_workflow.py::test_specimen_invalid_atomic[changes9-422] PASSED [ 45%]
tests/test_phase_4a_workflow.py::test_specimen_invalid_atomic[changes10-422] PASSED [ 46%]
tests/test_phase_4a_workflow.py::test_specimen_invalid_atomic[changes11-422] PASSED [ 46%]
tests/test_phase_4a_workflow.py::test_specimen_invalid_atomic[changes12-422] PASSED [ 46%]
tests/test_phase_4a_workflow.py::test_specimen_invalid_atomic[changes13-422] PASSED [ 46%]
tests/test_phase_4a_workflow.py::test_specimen_invalid_atomic[changes14-422] PASSED [ 46%]
tests/test_phase_4a_workflow.py::test_specimen_membership_and_lifecycle_guards[cross_order] PASSED [ 46%]
tests/test_phase_4a_workflow.py::test_specimen_membership_and_lifecycle_guards[cancelled_order] PASSED [ 46%]
tests/test_phase_4a_workflow.py::test_specimen_membership_and_lifecycle_guards[cancelled_item] PASSED [ 46%]
tests/test_phase_4a_workflow.py::test_specimen_membership_and_lifecycle_guards[completed_item] PASSED [ 46%]
tests/test_phase_4a_workflow.py::test_register_mapping_and_selective_processing_without_payment PASSED [ 46%]
tests/test_phase_4a_workflow.py::test_transition_matrix[PENDING-collect-200] PASSED [ 46%]
tests/test_phase_4a_workflow.py::test_transition_matrix[COLLECTED-collect-409] PASSED [ 47%]
tests/test_phase_4a_workflow.py::test_transition_matrix[RECEIVED-collect-409] PASSED [ 47%]
tests/test_phase_4a_workflow.py::test_transition_matrix[REJECTED-collect-409] PASSED [ 47%]
tests/test_phase_4a_workflow.py::test_transition_matrix[PROCESSED-collect-409] PASSED [ 47%]
tests/test_phase_4a_workflow.py::test_transition_matrix[PENDING-receive-409] PASSED [ 47%]
tests/test_phase_4a_workflow.py::test_transition_matrix[COLLECTED-receive-200] PASSED [ 47%]
tests/test_phase_4a_workflow.py::test_transition_matrix[RECEIVED-receive-409] PASSED [ 47%]
tests/test_phase_4a_workflow.py::test_transition_matrix[REJECTED-receive-409] PASSED [ 47%]
tests/test_phase_4a_workflow.py::test_transition_matrix[PROCESSED-receive-409] PASSED [ 47%]
tests/test_phase_4a_workflow.py::test_transition_matrix[PENDING-reject-409] PASSED [ 47%]
tests/test_phase_4a_workflow.py::test_transition_matrix[COLLECTED-reject-200] PASSED [ 48%]
tests/test_phase_4a_workflow.py::test_transition_matrix[RECEIVED-reject-200] PASSED [ 48%]
tests/test_phase_4a_workflow.py::test_transition_matrix[REJECTED-reject-409] PASSED [ 48%]
tests/test_phase_4a_workflow.py::test_transition_matrix[PROCESSED-reject-409] PASSED [ 48%]
tests/test_phase_4a_workflow.py::test_cancel_blocks_further_processing[collect] PASSED [ 48%]
tests/test_phase_4a_workflow.py::test_cancel_blocks_further_processing[receive] PASSED [ 48%]
tests/test_phase_4a_workflow.py::test_reject_validation[changes0-422] PASSED [ 48%]
tests/test_phase_4a_workflow.py::test_reject_validation[changes1-409] PASSED [ 48%]
tests/test_phase_4a_workflow.py::test_reject_validation[changes2-422] PASSED [ 48%]
tests/test_phase_4a_workflow.py::test_reject_validation[changes3-422] PASSED [ 48%]
tests/test_phase_4a_workflow.py::test_reject_validation[changes4-422] PASSED [ 48%]
tests/test_phase_4a_workflow.py::test_rejection_and_recollection_preserve_history PASSED [ 49%]
tests/test_phase_4a_workflow.py::test_cancelled_order_can_record_rejection_of_existing_collected_specimen PASSED [ 49%]
tests/test_phase_4a_workflow.py::test_rejection_reasons_crud_paging_duplicates PASSED [ 49%]
tests/test_phase_4a_workflow.py::test_order_failure_rollback[lab_order] PASSED [ 49%]
tests/test_phase_4a_workflow.py::test_order_failure_rollback[order_panel] PASSED [ 49%]
tests/test_phase_4a_workflow.py::test_order_failure_rollback[lab_order_item] PASSED [ 49%]
tests/test_phase_4a_workflow.py::test_order_failure_rollback[audit_log] PASSED [ 49%]
tests/test_phase_4a_workflow.py::test_order_failure_rollback[commit] PASSED [ 49%]
tests/test_phase_4a_workflow.py::test_workflow_failure_rollback[register-specimen] PASSED [ 49%]
tests/test_phase_4a_workflow.py::test_workflow_failure_rollback[register-specimen_order_item] PASSED [ 49%]
tests/test_phase_4a_workflow.py::test_workflow_failure_rollback[register-audit_log] PASSED [ 49%]
tests/test_phase_4a_workflow.py::test_workflow_failure_rollback[collect-audit_log] PASSED [ 50%]
tests/test_phase_4a_workflow.py::test_workflow_failure_rollback[receive-audit_log] PASSED [ 50%]
tests/test_phase_4a_workflow.py::test_workflow_failure_rollback[reject-specimen_rejection] PASSED [ 50%]
tests/test_phase_4a_workflow.py::test_workflow_failure_rollback[reject-audit_log] PASSED [ 50%]
tests/test_phase_4a_workflow.py::test_workflow_failure_rollback[cancel-audit_log] PASSED [ 50%]
tests/test_phase_4a_workflow.py::test_workflow_failure_rollback[payment-lab_payment] PASSED [ 50%]
tests/test_phase_4a_workflow.py::test_workflow_failure_rollback[payment-audit_log] PASSED [ 50%]
tests/test_phase_4a_workflow.py::test_code_collision_retry_whole_transaction[False-order] PASSED [ 50%]
tests/test_phase_4a_workflow.py::test_code_collision_retry_whole_transaction[False-specimen] PASSED [ 50%]
tests/test_phase_4a_workflow.py::test_code_collision_retry_whole_transaction[True-order] PASSED [ 50%]
tests/test_phase_4a_workflow.py::test_code_collision_retry_whole_transaction[True-specimen] PASSED [ 50%]
tests/test_phase_4a_workflow.py::test_all_audits_bootstrap_and_privacy PASSED [ 51%]
tests/test_phase_4a_workflow.py::test_openapi_phase4a_contract PASSED    [ 51%]
tests/test_phase_4b_mysql.py::test_mysql_result_integrity[duplicate_create] PASSED [ 51%]
tests/test_phase_4b_mysql.py::test_mysql_result_integrity[review] PASSED [ 51%]
tests/test_phase_4b_mysql.py::test_mysql_result_integrity[verify] PASSED [ 51%]
tests/test_phase_4b_mysql.py::test_mysql_result_integrity[parallel_verify] PASSED [ 51%]
tests/test_phase_4b_mysql.py::test_mysql_result_integrity[create_cancel] PASSED [ 51%]
tests/test_phase_4b_mysql.py::test_mysql_result_integrity[verify_cancel] PASSED [ 51%]
tests/test_phase_4b_mysql.py::test_mysql_result_integrity[create_reject] PASSED [ 51%]
tests/test_phase_4b_mysql.py::test_mysql_result_integrity[patch_review] PASSED [ 51%]
tests/test_phase_4b_mysql.py::test_mysql_result_integrity[range_snapshot] PASSED [ 52%]
tests/test_phase_4b_mysql.py::test_mysql_result_integrity[rollback_decimal] PASSED [ 52%]
tests/test_phase_4b_results.py::test_every_route_auth_permission_csrf[POST-/lab-order-items/999/result-body0-LAB_RESULT_ENTER] PASSED [ 52%]
tests/test_phase_4b_results.py::test_every_route_auth_permission_csrf[GET-/lab-orders/999/results-None-LAB_RESULT_READ] PASSED [ 52%]
tests/test_phase_4b_results.py::test_every_route_auth_permission_csrf[GET-/results/999-None-LAB_RESULT_READ] PASSED [ 52%]
tests/test_phase_4b_results.py::test_every_route_auth_permission_csrf[PATCH-/results/999-body3-LAB_RESULT_ENTER] PASSED [ 52%]
tests/test_phase_4b_results.py::test_every_route_auth_permission_csrf[POST-/results/999/review-None-LAB_RESULT_REVIEW] PASSED [ 52%]
tests/test_phase_4b_results.py::test_every_route_auth_permission_csrf[POST-/results/999/verify-None-LAB_RESULT_VERIFY] PASSED [ 52%]
tests/test_phase_4b_results.py::test_entry_initial_state_duplicate_safe_reads_and_progress PASSED [ 52%]
tests/test_phase_4b_results.py::test_cancelled_parent_or_item_blocks_mutation[create-LabOrder] PASSED [ 52%]
tests/test_phase_4b_results.py::test_cancelled_parent_or_item_blocks_mutation[create-LabOrderItem] PASSED [ 52%]
tests/test_phase_4b_results.py::test_cancelled_parent_or_item_blocks_mutation[patch-LabOrder] PASSED [ 53%]
tests/test_phase_4b_results.py::test_cancelled_parent_or_item_blocks_mutation[patch-LabOrderItem] PASSED [ 53%]
tests/test_phase_4b_results.py::test_cancelled_parent_or_item_blocks_mutation[review-LabOrder] PASSED [ 53%]
tests/test_phase_4b_results.py::test_cancelled_parent_or_item_blocks_mutation[review-LabOrderItem] PASSED [ 53%]
tests/test_phase_4b_results.py::test_cancelled_parent_or_item_blocks_mutation[verify-LabOrder] PASSED [ 53%]
tests/test_phase_4b_results.py::test_cancelled_parent_or_item_blocks_mutation[verify-LabOrderItem] PASSED [ 53%]
tests/test_phase_4b_results.py::test_server_fields_forbidden_create_patch[result_item_id] PASSED [ 53%]
tests/test_phase_4b_results.py::test_server_fields_forbidden_create_patch[order_item_id] PASSED [ 53%]
tests/test_phase_4b_results.py::test_server_fields_forbidden_create_patch[reference_range_id] PASSED [ 53%]
tests/test_phase_4b_results.py::test_server_fields_forbidden_create_patch[numeric_value] PASSED [ 53%]
tests/test_phase_4b_results.py::test_server_fields_forbidden_create_patch[flag] PASSED [ 53%]
tests/test_phase_4b_results.py::test_server_fields_forbidden_create_patch[status] PASSED [ 54%]
tests/test_phase_4b_results.py::test_server_fields_forbidden_create_patch[encoded_by_user_id] PASSED [ 54%]
tests/test_phase_4b_results.py::test_server_fields_forbidden_create_patch[encoded_at] PASSED [ 54%]
tests/test_phase_4b_results.py::test_server_fields_forbidden_create_patch[reviewed_by_user_id] PASSED [ 54%]
tests/test_phase_4b_results.py::test_server_fields_forbidden_create_patch[reviewed_at] PASSED [ 54%]
tests/test_phase_4b_results.py::test_server_fields_forbidden_create_patch[verified_by_user_id] PASSED [ 54%]
tests/test_phase_4b_results.py::test_server_fields_forbidden_create_patch[verified_at] PASSED [ 54%]
tests/test_phase_4b_results.py::test_invalid_numeric_values_leave_no_result_or_progress[] PASSED [ 54%]
tests/test_phase_4b_results.py::test_invalid_numeric_values_leave_no_result_or_progress[ ] PASSED [ 54%]
tests/test_phase_4b_results.py::test_invalid_numeric_values_leave_no_result_or_progress[abc] PASSED [ 54%]
tests/test_phase_4b_results.py::test_invalid_numeric_values_leave_no_result_or_progress[12 mg] PASSED [ 54%]
tests/test_phase_4b_results.py::test_invalid_numeric_values_leave_no_result_or_progress[positive] PASSED [ 55%]
tests/test_phase_4b_results.py::test_invalid_numeric_values_leave_no_result_or_progress[NaN] PASSED [ 55%]
tests/test_phase_4b_results.py::test_invalid_numeric_values_leave_no_result_or_progress[Infinity] PASSED [ 55%]
tests/test_phase_4b_results.py::test_invalid_numeric_values_leave_no_result_or_progress[-Infinity] PASSED [ 55%]
tests/test_phase_4b_results.py::test_invalid_numeric_values_leave_no_result_or_progress[1_000] PASSED [ 55%]
tests/test_phase_4b_results.py::test_invalid_numeric_values_leave_no_result_or_progress[1,000] PASSED [ 55%]
tests/test_phase_4b_results.py::test_invalid_numeric_values_leave_no_result_or_progress[\uff11\uff12] PASSED [ 55%]
tests/test_phase_4b_results.py::test_invalid_numeric_values_leave_no_result_or_progress[0.0001] PASSED [ 55%]
tests/test_phase_4b_results.py::test_invalid_numeric_values_leave_no_result_or_progress[999999999.9991] PASSED [ 55%]
tests/test_phase_4b_results.py::test_invalid_numeric_values_leave_no_result_or_progress[1000000000] PASSED [ 55%]
tests/test_phase_4b_results.py::test_invalid_numeric_values_leave_no_result_or_progress[-1000000000] PASSED [ 56%]
tests/test_phase_4b_results.py::test_invalid_numeric_values_leave_no_result_or_progress[1e1000000] PASSED [ 56%]
tests/test_phase_4b_results.py::test_invalid_numeric_values_leave_no_result_or_progress[1e-1000000] PASSED [ 56%]
tests/test_phase_4b_results.py::test_invalid_numeric_values_leave_no_result_or_progress[xxxxxxxxxxxxxxxxxxxxxxxxxxxxxxxxxxxxxxxxxxxxxxxxxxxxxxxxxxxxxxxxxxxxxxxxxxxxxxxxxxxxxxxxxxxxxxxxxxxxx] PASSED [ 56%]
tests/test_phase_4b_results.py::test_invalid_numeric_values_leave_no_result_or_progress[None] PASSED [ 56%]
tests/test_phase_4b_results.py::test_invalid_numeric_values_leave_no_result_or_progress[12.6] PASSED [ 56%]
tests/test_phase_4b_results.py::test_invalid_numeric_values_leave_no_result_or_progress[True] PASSED [ 56%]
tests/test_phase_4b_results.py::test_invalid_numeric_values_leave_no_result_or_progress[value21] PASSED [ 56%]
tests/test_phase_4b_results.py::test_invalid_numeric_values_leave_no_result_or_progress[value22] PASSED [ 56%]
tests/test_phase_4b_results.py::test_decimal_exactness_and_display_preservation[12.60-12.600] PASSED [ 56%]
tests/test_phase_4b_results.py::test_decimal_exactness_and_display_preservation[-999999999.999--999999999.999] PASSED [ 56%]
tests/test_phase_4b_results.py::test_decimal_exactness_and_display_preservation[999999999.999-999999999.999] PASSED [ 57%]
tests/test_phase_4b_results.py::test_decimal_exactness_and_display_preservation[0-0.000] PASSED [ 57%]
tests/test_phase_4b_results.py::test_decimal_exactness_and_display_preservation[+0.123-0.123] PASSED [ 57%]
tests/test_phase_4b_results.py::test_decimal_exactness_and_display_preservation[.5-0.500] PASSED [ 57%]
tests/test_phase_4b_results.py::test_decimal_exactness_and_display_preservation[1.2300-1.230] PASSED [ 57%]
tests/test_phase_4b_results.py::test_decimal_exactness_and_display_preservation[1.26e1-12.600] PASSED [ 57%]
tests/test_phase_4b_results.py::test_qualitative_types_and_flags[Negative-Negative-NORMAL-TEXT] PASSED [ 57%]
tests/test_phase_4b_results.py::test_qualitative_types_and_flags[Negative-Negative-NORMAL-POS_NEG] PASSED [ 57%]
tests/test_phase_4b_results.py::test_qualitative_types_and_flags[ negative - Negative -NORMAL-TEXT] PASSED [ 57%]
tests/test_phase_4b_results.py::test_qualitative_types_and_flags[ negative - Negative -NORMAL-POS_NEG] PASSED [ 57%]
tests/test_phase_4b_results.py::test_qualitative_types_and_flags[Positive-Negative-ABNORMAL-TEXT] PASSED [ 57%]
tests/test_phase_4b_results.py::test_qualitative_types_and_flags[Positive-Negative-ABNORMAL-POS_NEG] PASSED [ 58%]
tests/test_phase_4b_results.py::test_qualitative_types_and_flags[Detected-Not detected-ABNORMAL-TEXT] PASSED [ 58%]
tests/test_phase_4b_results.py::test_qualitative_types_and_flags[Detected-Not detected-ABNORMAL-POS_NEG] PASSED [ 58%]
tests/test_phase_4b_results.py::test_qualitative_types_and_flags[Non-reactive-NON-REACTIVE-NORMAL-TEXT] PASSED [ 58%]
tests/test_phase_4b_results.py::test_qualitative_types_and_flags[Non-reactive-NON-REACTIVE-NORMAL-POS_NEG] PASSED [ 58%]
tests/test_phase_4b_results.py::test_qualitative_types_and_flags[Anything approved-None-None-TEXT] PASSED [ 58%]
tests/test_phase_4b_results.py::test_qualitative_types_and_flags[Anything approved-None-None-POS_NEG] PASSED [ 58%]
tests/test_phase_4b_results.py::test_qualitative_requires_nonblank_text[-TEXT] PASSED [ 58%]
tests/test_phase_4b_results.py::test_qualitative_requires_nonblank_text[-POS_NEG] PASSED [ 58%]
tests/test_phase_4b_results.py::test_qualitative_requires_nonblank_text[ -TEXT] PASSED [ 58%]
tests/test_phase_4b_results.py::test_qualitative_requires_nonblank_text[ -POS_NEG] PASSED [ 58%]
tests/test_phase_4b_results.py::test_qualitative_requires_nonblank_text[None-TEXT] PASSED [ 59%]
tests/test_phase_4b_results.py::test_qualitative_requires_nonblank_text[None-POS_NEG] PASSED [ 59%]
tests/test_phase_4b_results.py::test_numeric_flag_boundaries[9.999-CRITICAL_LOW] PASSED [ 59%]
tests/test_phase_4b_results.py::test_numeric_flag_boundaries[10-LOW] PASSED [ 59%]
tests/test_phase_4b_results.py::test_numeric_flag_boundaries[11.999-LOW] PASSED [ 59%]
tests/test_phase_4b_results.py::test_numeric_flag_boundaries[12-NORMAL] PASSED [ 59%]
tests/test_phase_4b_results.py::test_numeric_flag_boundaries[14-NORMAL] PASSED [ 59%]
tests/test_phase_4b_results.py::test_numeric_flag_boundaries[16-NORMAL] PASSED [ 59%]
tests/test_phase_4b_results.py::test_numeric_flag_boundaries[16.001-HIGH] PASSED [ 59%]
tests/test_phase_4b_results.py::test_numeric_flag_boundaries[20-HIGH] PASSED [ 59%]
tests/test_phase_4b_results.py::test_numeric_flag_boundaries[20.001-CRITICAL_HIGH] PASSED [ 60%]
tests/test_phase_4b_results.py::test_partial_or_missing_numeric_thresholds[bounds0-10-None] PASSED [ 60%]
tests/test_phase_4b_results.py::test_partial_or_missing_numeric_thresholds[bounds1-0-NORMAL] PASSED [ 60%]
tests/test_phase_4b_results.py::test_partial_or_missing_numeric_thresholds[bounds2-0.001-HIGH] PASSED [ 60%]
tests/test_phase_4b_results.py::test_partial_or_missing_numeric_thresholds[bounds3--0.001-CRITICAL_LOW] PASSED [ 60%]
tests/test_phase_4b_results.py::test_partial_or_missing_numeric_thresholds[bounds4-0.001-CRITICAL_HIGH] PASSED [ 60%]
tests/test_phase_4b_results.py::test_partial_or_missing_numeric_thresholds[bounds5-10-None] PASSED [ 60%]
tests/test_phase_4b_results.py::test_range_sex_precedence[M-2] PASSED    [ 60%]
tests/test_phase_4b_results.py::test_range_sex_precedence[F-3] PASSED    [ 60%]
tests/test_phase_4b_results.py::test_range_sex_precedence[Other-1] PASSED [ 60%]
tests/test_phase_4b_results.py::test_range_sex_precedence[None-1] PASSED [ 60%]
tests/test_phase_4b_results.py::test_range_historical_age_and_effective_date PASSED [ 61%]
tests/test_phase_4b_results.py::test_fractional_age_utility_does_not_round_to_range_scale PASSED [ 61%]
tests/test_phase_4b_results.py::test_fractional_age_not_prematurely_rounded_in_selection PASSED [ 61%]
tests/test_phase_4b_results.py::test_missing_birth_date_only_uses_unbounded_age[bounds0] PASSED [ 61%]
tests/test_phase_4b_results.py::test_missing_birth_date_only_uses_unbounded_age[bounds1] PASSED [ 61%]
tests/test_phase_4b_results.py::test_missing_birth_date_only_uses_unbounded_age[bounds2] PASSED [ 61%]
tests/test_phase_4b_results.py::test_no_applicable_range_is_allowed[inactive] PASSED [ 61%]
tests/test_phase_4b_results.py::test_no_applicable_range_is_allowed[other_test] PASSED [ 61%]
tests/test_phase_4b_results.py::test_no_applicable_range_is_allowed[expired] PASSED [ 61%]
tests/test_phase_4b_results.py::test_no_applicable_range_is_allowed[future] PASSED [ 61%]
tests/test_phase_4b_results.py::test_no_applicable_range_is_allowed[bounded_unknown_age] PASSED [ 61%]
tests/test_phase_4b_results.py::test_no_applicable_range_is_allowed[none] PASSED [ 62%]
tests/test_phase_4b_results.py::test_ambiguous_configuration_rolls_back_and_future_birth_rejected PASSED [ 62%]
tests/test_phase_4b_results.py::test_specimen_status_validation_and_processing[PENDING-409] PASSED [ 62%]
tests/test_phase_4b_results.py::test_specimen_status_validation_and_processing[COLLECTED-409] PASSED [ 62%]
tests/test_phase_4b_results.py::test_specimen_status_validation_and_processing[RECEIVED-201] PASSED [ 62%]
tests/test_phase_4b_results.py::test_specimen_status_validation_and_processing[REJECTED-409] PASSED [ 62%]
tests/test_phase_4b_results.py::test_specimen_status_validation_and_processing[PROCESSED-201] PASSED [ 62%]
tests/test_phase_4b_results.py::test_specimen_identity_mapping_validation[unknown] PASSED [ 62%]
tests/test_phase_4b_results.py::test_specimen_identity_mapping_validation[cross_order] PASSED [ 62%]
tests/test_phase_4b_results.py::test_specimen_identity_mapping_validation[unmapped] PASSED [ 62%]
tests/test_phase_4b_results.py::test_shared_processed_specimen_accepts_more_results PASSED [ 62%]
tests/test_phase_4b_results.py::test_draft_patch_rederives_only_changed_value_and_preserves_encoder PASSED [ 63%]
tests/test_phase_4b_results.py::test_patch_specimen_revalidation[cross_order] PASSED [ 63%]
tests/test_phase_4b_results.py::test_patch_specimen_revalidation[unmapped] PASSED [ 63%]
tests/test_phase_4b_results.py::test_patch_specimen_revalidation[rejected] PASSED [ 63%]
tests/test_phase_4b_results.py::test_review_verify_provenance_and_immutability_same_actor_allowed PASSED [ 63%]
tests/test_phase_4b_results.py::test_review_verify_recheck_integrity[mapping_removed-review] PASSED [ 63%]
tests/test_phase_4b_results.py::test_review_verify_recheck_integrity[mapping_removed-verify] PASSED [ 63%]
tests/test_phase_4b_results.py::test_review_verify_recheck_integrity[rejected-review] PASSED [ 63%]
tests/test_phase_4b_results.py::test_review_verify_recheck_integrity[rejected-verify] PASSED [ 63%]
tests/test_phase_4b_results.py::test_review_verify_recheck_integrity[cross_order-review] PASSED [ 63%]
tests/test_phase_4b_results.py::test_review_verify_recheck_integrity[cross_order-verify] PASSED [ 64%]
tests/test_phase_4b_results.py::test_review_verify_recheck_integrity[numeric_corrupt-review] PASSED [ 64%]
tests/test_phase_4b_results.py::test_review_verify_recheck_integrity[numeric_corrupt-verify] PASSED [ 64%]
tests/test_phase_4b_results.py::test_review_verify_recheck_integrity[range_other_test-review] PASSED [ 64%]
tests/test_phase_4b_results.py::test_review_verify_recheck_integrity[range_other_test-verify] PASSED [ 64%]
tests/test_phase_4b_results.py::test_review_verify_recheck_integrity[duplicate-review] PASSED [ 64%]
tests/test_phase_4b_results.py::test_review_verify_recheck_integrity[duplicate-verify] PASSED [ 64%]
tests/test_phase_4b_results.py::test_review_and_verify_do_not_recalculate_stored_flags_from_mutable_master PASSED [ 64%]
tests/test_phase_4b_results.py::test_individual_panel_mixed_overlapping_completion[panels0-tests0] PASSED [ 64%]
tests/test_phase_4b_results.py::test_individual_panel_mixed_overlapping_completion[panels1-tests1] PASSED [ 64%]
tests/test_phase_4b_results.py::test_individual_panel_mixed_overlapping_completion[panels2-tests2] PASSED [ 64%]
tests/test_phase_4b_results.py::test_individual_panel_mixed_overlapping_completion[panels3-tests3] PASSED [ 65%]
tests/test_phase_4b_results.py::test_cancelled_items_ignored_and_cancelled_panel_preserved PASSED [ 65%]
tests/test_phase_4b_results.py::test_completion_helpers_never_complete_empty_sets_or_reactivate_cancelled PASSED [ 65%]
tests/test_phase_4b_results.py::test_order_results_pagination_and_no_unrelated_results PASSED [ 65%]
tests/test_phase_4b_results.py::test_result_transactions_rollback_all_rows_and_audits[create-lab_result_item] PASSED [ 65%]
tests/test_phase_4b_results.py::test_result_transactions_rollback_all_rows_and_audits[create-audit_log] PASSED [ 65%]
tests/test_phase_4b_results.py::test_result_transactions_rollback_all_rows_and_audits[create-commit] PASSED [ 65%]
tests/test_phase_4b_results.py::test_result_transactions_rollback_all_rows_and_audits[patch-lab_result_item] PASSED [ 65%]
tests/test_phase_4b_results.py::test_result_transactions_rollback_all_rows_and_audits[patch-audit_log] PASSED [ 65%]
tests/test_phase_4b_results.py::test_result_transactions_rollback_all_rows_and_audits[patch-commit] PASSED [ 65%]
tests/test_phase_4b_results.py::test_result_transactions_rollback_all_rows_and_audits[review-audit_log] PASSED [ 65%]
tests/test_phase_4b_results.py::test_result_transactions_rollback_all_rows_and_audits[review-commit] PASSED [ 66%]
tests/test_phase_4b_results.py::test_result_transactions_rollback_all_rows_and_audits[verify-lab_order_item] PASSED [ 66%]
tests/test_phase_4b_results.py::test_result_transactions_rollback_all_rows_and_audits[verify-order_panel] PASSED [ 66%]
tests/test_phase_4b_results.py::test_result_transactions_rollback_all_rows_and_audits[verify-lab_order] PASSED [ 66%]
tests/test_phase_4b_results.py::test_result_transactions_rollback_all_rows_and_audits[verify-audit_log] PASSED [ 66%]
tests/test_phase_4b_results.py::test_result_transactions_rollback_all_rows_and_audits[verify-commit] PASSED [ 66%]
tests/test_phase_4b_results.py::test_audit_privacy_and_permissions_bootstrap PASSED [ 66%]
tests/test_phase_4b_results.py::test_openapi_results_scope_and_no_schema_change PASSED [ 66%]
tests/test_phase_4b_results.py::test_inconsistent_review_provenance_cannot_be_verified[reviewed_by_user_id-None] PASSED [ 66%]
tests/test_phase_4b_results.py::test_inconsistent_review_provenance_cannot_be_verified[reviewed_at-None] PASSED [ 66%]
tests/test_phase_4b_results.py::test_inconsistent_review_provenance_cannot_be_verified[verified_by_user_id-1] PASSED [ 66%]
tests/test_phase_4b_results.py::test_inconsistent_review_provenance_cannot_be_verified[verified_at-value3] PASSED [ 67%]
tests/test_phase_5a_mysql.py::test_mysql_reporting_integrity[generate] PASSED [ 67%]
tests/test_phase_5a_mysql.py::test_mysql_reporting_integrity[assign] PASSED [ 67%]
tests/test_phase_5a_mysql.py::test_mysql_reporting_integrity[sign] PASSED [ 67%]
tests/test_phase_5a_mysql.py::test_mysql_reporting_integrity[approve] PASSED [ 67%]
tests/test_phase_5a_mysql.py::test_mysql_reporting_integrity[facility] PASSED [ 67%]
tests/test_phase_5a_mysql.py::test_mysql_reporting_integrity[template_approve] PASSED [ 67%]
tests/test_phase_5a_mysql.py::test_mysql_reporting_integrity[stale_snapshots] PASSED [ 67%]
tests/test_phase_5a_mysql.py::test_mysql_reporting_integrity[stale_template] PASSED [ 67%]
tests/test_phase_5a_mysql.py::test_mysql_reporting_integrity[stale_signatory] PASSED [ 67%]
tests/test_phase_5a_mysql.py::test_mysql_reporting_integrity[rollback] PASSED [ 68%]
tests/test_phase_5a_reports.py::test_auth_rbac_csrf_every_operation[GET-/facility-profile-None-FACILITY_PROFILE_READ] PASSED [ 68%]
tests/test_phase_5a_reports.py::test_auth_rbac_csrf_every_operation[POST-/facility-profile-body1-FACILITY_PROFILE_MANAGE] PASSED [ 68%]
tests/test_phase_5a_reports.py::test_auth_rbac_csrf_every_operation[PATCH-/facility-profile-body2-FACILITY_PROFILE_MANAGE] PASSED [ 68%]
tests/test_phase_5a_reports.py::test_auth_rbac_csrf_every_operation[POST-/report-templates-body3-REPORT_TEMPLATE_MANAGE] PASSED [ 68%]
tests/test_phase_5a_reports.py::test_auth_rbac_csrf_every_operation[GET-/report-templates-None-REPORT_TEMPLATE_READ] PASSED [ 68%]
tests/test_phase_5a_reports.py::test_auth_rbac_csrf_every_operation[GET-/report-templates/999-None-REPORT_TEMPLATE_READ] PASSED [ 68%]
[...]
tests/test_phase_5b_release.py::test_neutral_not_found[xxxxxxxxxxxxxxxxxxxxxxxxxxxxxxxxxxxxxxxxxxx] PASSED [ 83%]
tests/test_phase_5b_release.py::test_neutral_not_found[xxxxxxxxxxxxxxxxxxxxxxxxxxxxxxxxxxxxxxxxxxxxxxxxxxxxxxxxxxxxxxxxxxxxxxxxxxxxxxxxxxxxxxxxxxxxxxxxxxxxxxxxxxxxxxxxxxxxxxxxx] PASSED [ 83%]
tests/test_phase_5b_release.py::test_neutral_not_found[xxxxxxxxxxxxxxxxxxxxxxxxxxxxxxxxxxxxxxxxxxxxxxxxxxxxxxxxxxxxxxxxxxxxxxxxxxxxxxxxxxxxxxxxxxxxxxxxxxxxxxxxxxxxxxxxxxxxxxxxxxxxxxxxxxxxxxxxxxxxxxxxxxxxxxxxxxxxxxxxxxxxxxxxxxxxxxxxxxxxxxxxxxxxxxxxxxxxxxxxxxxxxxxxxxxxxxxxxxxxxxxxxxxxxxxxxxxxxxxxxxxxxxxxxxxxxxxxxxxxxxxxxxxxxxxxxxxxxxxxxxxxxxxxxxxxxxxxxxxxxxxxxxxxxxxxxxxxxxxxxxxxxxxxxxxxxxxxxxxxxxxxxxxxxxxxxxxxxxxxxxxxxxxxxxxxxxxxxxxxxxxxxxxxxxxxxxxxxxxxxxxxxxxxxxxxxxxxxxxxxxxxxxxxxxxxxxxxxxxxxxxxxxxxxxxxxxxxxxxxxxxxxxxxxxxxxxxxxxxxxxxxxxxxxxxxxxxxxxxx] PASSED [ 83%]
tests/test_phase_5b_release.py::test_neutral_not_found[123] PASSED       [ 83%]
tests/test_phase_5b_release.py::test_invalid_print_copies[0] PASSED      [ 83%]
tests/test_phase_5b_release.py::test_invalid_print_copies[-1] PASSED     [ 83%]
tests/test_phase_5b_release.py::test_invalid_print_copies[21] PASSED     [ 83%]
tests/test_phase_5b_release.py::test_invalid_print_copies[1.5] PASSED    [ 84%]
tests/test_phase_5b_release.py::test_invalid_print_copies[True] PASSED   [ 84%]
tests/test_phase_5b_release.py::test_invalid_print_copies[2] PASSED      [ 84%]
tests/test_phase_5b_release.py::test_invalid_print_copies[None] PASSED   [ 84%]
tests/test_phase_5b_release.py::test_print_and_revocation_preserve_history PASSED [ 84%]
tests/test_phase_5b_release.py::test_revision_supersession_and_snapshot_refresh PASSED [ 84%]
tests/test_phase_5b_release.py::test_revision_source_guard[GENERATED] PASSED [ 84%]
tests/test_phase_5b_release.py::test_revision_source_guard[APPROVED] PASSED [ 84%]
tests/test_phase_5b_release.py::test_multipage_renderer_repeats_headers_and_preserves_line_order PASSED [ 84%]
tests/test_phase_5b_release.py::test_signatures_restricted_and_no_clobber PASSED [ 84%]
tests/test_phase_5b_release.py::test_permissions_idempotent PASSED       [ 84%]
tests/test_phase_5b_release.py::test_openapi_public_and_pdf_media PASSED [ 85%]
tests/test_phase_5b_release.py::test_unsafe_configuration_rejected[values0] PASSED [ 85%]
tests/test_phase_5b_release.py::test_unsafe_configuration_rejected[values1] PASSED [ 85%]
tests/test_phase_5b_release.py::test_unsafe_configuration_rejected[values2] PASSED [ 85%]
tests/test_phase_5b_release.py::test_unsafe_configuration_rejected[values3] PASSED [ 85%]
tests/test_phase_5b_release.py::test_unsafe_configuration_rejected[values4] PASSED [ 85%]
tests/test_phase_5b_release.py::test_unsafe_configuration_rejected[values5] PASSED [ 85%]
tests/test_phase_5b_release.py::test_unsafe_configuration_rejected[values6] PASSED [ 85%]
tests/test_phase_5b_release.py::test_unsafe_configuration_rejected[values7] PASSED [ 85%]
tests/test_phase_5b_release.py::test_generic_template_and_revoked_missing_artifact PASSED [ 85%]
tests/test_phase_5b_release.py::test_unavailable_verification_and_unreleased_artifact PASSED [ 85%]
tests/test_phase_5b_release.py::test_qr_pixels_match_url_only PASSED     [ 86%]
tests/test_phase_5b_release.py::test_uncertain_commit_preserves_private_artifact PASSED [ 86%]
tests/test_phase_6a_migration.py::test_activation_model_and_exact_infrastructure_scope PASSED [ 86%]
tests/test_phase_6a_migration.py::test_one_new_head_and_offline_mysql_scope PASSED [ 86%]
tests/test_phase_6a_migration.py::test_activation_constraints_and_downgrade_preserve_existing_data PASSED [ 86%]
tests/test_phase_6a_migration.py::test_prior_session_migration_unchanged PASSED [ 86%]
tests/test_phase_6a_mysql.py::test_mysql_patient_activation_and_ownership[issue] PASSED [ 86%]
tests/test_phase_6a_mysql.py::test_mysql_patient_activation_and_ownership[redeem] PASSED [ 86%]
tests/test_phase_6a_mysql.py::test_mysql_patient_activation_and_ownership[issue_redeem] PASSED [ 86%]
tests/test_phase_6a_mysql.py::test_mysql_patient_activation_and_ownership[username] PASSED [ 86%]
tests/test_phase_6a_mysql.py::test_mysql_patient_activation_and_ownership[stale_token] PASSED [ 86%]
tests/test_phase_6a_mysql.py::test_mysql_patient_activation_and_ownership[rollback] PASSED [ 87%]
tests/test_phase_6a_mysql.py::test_mysql_patient_activation_and_ownership[revoked] PASSED [ 87%]
tests/test_phase_6a_mysql.py::test_mysql_patient_activation_and_ownership[relinked] PASSED [ 87%]
tests/test_phase_6a_patient_portal.py::test_staff_issuance_permission_and_csrf[POST-/patients/1/activation-token] PASSED [ 87%]
tests/test_phase_6a_patient_portal.py::test_staff_issuance_permission_and_csrf[GET-/patients/1/activation-status] PASSED [ 87%]
tests/test_phase_6a_patient_portal.py::test_issuance_hash_ttl_status_rotation_history_and_privacy PASSED [ 87%]
tests/test_phase_6a_patient_portal.py::test_public_activation_atomic_link_role_password_and_existing_login PASSED [ 87%]
tests/test_phase_6a_patient_portal.py::test_invalid_token_states_have_identical_public_failure[unknown] PASSED [ 87%]
tests/test_phase_6a_patient_portal.py::test_invalid_token_states_have_identical_public_failure[expired] PASSED [ 87%]
tests/test_phase_6a_patient_portal.py::test_invalid_token_states_have_identical_public_failure[revoked] PASSED [ 87%]
tests/test_phase_6a_patient_portal.py::test_invalid_token_states_have_identical_public_failure[used] PASSED [ 88%]
tests/test_phase_6a_patient_portal.py::test_invalid_token_states_have_identical_public_failure[linked] PASSED [ 88%]
tests/test_phase_6a_patient_portal.py::test_actual_token_reuse_and_duplicate_username_are_atomic PASSED [ 88%]
tests/test_phase_6a_patient_portal.py::test_role_configuration_fails_safely[missing] PASSED [ 88%]
tests/test_phase_6a_patient_portal.py::test_role_configuration_fails_safely[inactive] PASSED [ 88%]
tests/test_phase_6a_patient_portal.py::test_activation_input_allowlist_and_secret_validation[changes0] PASSED [ 88%]
tests/test_phase_6a_patient_portal.py::test_activation_input_allowlist_and_secret_validation[changes1] PASSED [ 88%]
tests/test_phase_6a_patient_portal.py::test_activation_input_allowlist_and_secret_validation[changes2] PASSED [ 88%]
tests/test_phase_6a_patient_portal.py::test_activation_input_allowlist_and_secret_validation[changes3] PASSED [ 88%]
tests/test_phase_6a_patient_portal.py::test_activation_input_allowlist_and_secret_validation[changes4] PASSED [ 88%]
tests/test_phase_6a_patient_portal.py::test_activation_input_allowlist_and_secret_validation[changes5] PASSED [ 88%]
tests/test_phase_6a_patient_portal.py::test_activation_input_allowlist_and_secret_validation[changes6] PASSED [ 89%]
tests/test_phase_6a_patient_portal.py::test_activation_input_allowlist_and_secret_validation[changes7] PASSED [ 89%]
tests/test_phase_6a_patient_portal.py::test_activation_failure_preserves_unused_token[user_account] PASSED [ 89%]
tests/test_phase_6a_patient_portal.py::test_activation_failure_preserves_unused_token[patient_account_link] PASSED [ 89%]
tests/test_phase_6a_patient_portal.py::test_activation_failure_preserves_unused_token[user_role] PASSED [ 89%]
tests/test_phase_6a_patient_portal.py::test_activation_failure_preserves_unused_token[audit_log] PASSED [ 89%]
tests/test_phase_6a_patient_portal.py::test_activation_failure_preserves_unused_token[commit] PASSED [ 89%]
tests/test_phase_6a_patient_portal.py::test_issue_failure_restores_previous_valid_token PASSED [ 89%]
tests/test_phase_6a_patient_portal.py::test_patient_role_link_and_authentication_required[/patient/me] PASSED [ 89%]
tests/test_phase_6a_patient_portal.py::test_patient_role_link_and_authentication_required[/patient/reports] PASSED [ 89%]
tests/test_phase_6a_patient_portal.py::test_patient_role_link_and_authentication_required[/patient/reports/1] PASSED [ 89%]
tests/test_phase_6a_patient_portal.py::test_patient_role_link_and_authentication_required[/patient/reports/1/pdf] PASSED [ 90%]
tests/test_phase_6a_patient_portal.py::test_patient_role_link_and_authentication_required[/patient/access-history] PASSED [ 90%]
tests/test_phase_6a_patient_portal.py::test_patient_profile_exact_allowlist_and_no_self_edit PASSED [ 90%]
tests/test_phase_6a_patient_portal.py::test_cross_patient_manual_id_substitution_denied_server_side[patient-a-1-2] PASSED [ 90%]
tests/test_phase_6a_patient_portal.py::test_cross_patient_manual_id_substitution_denied_server_side[patient-b-2-1] PASSED [ 90%]
tests/test_phase_6a_patient_portal.py::test_detail_snapshots_and_internal_fields_not_exposed PASSED [ 90%]
tests/test_phase_6a_patient_portal.py::test_unreleased_and_revoked_hidden_everywhere[GENERATED] PASSED [ 90%]
tests/test_phase_6a_patient_portal.py::test_unreleased_and_revoked_hidden_everywhere[APPROVED] PASSED [ 90%]
tests/test_phase_6a_patient_portal.py::test_unreleased_and_revoked_hidden_everywhere[REVOKED] PASSED [ 90%]
tests/test_phase_6a_patient_portal.py::test_patient_download_integrity_blocks_delivery_and_audits[tampered] PASSED [ 90%]
tests/test_phase_6a_patient_portal.py::test_patient_download_integrity_blocks_delivery_and_audits[missing] PASSED [ 90%]
tests/test_phase_6a_patient_portal.py::test_patient_download_integrity_blocks_delivery_and_audits[traversal] PASSED [ 91%]
tests/test_phase_6a_patient_portal.py::test_patient_download_integrity_blocks_delivery_and_audits[revoked_verification] PASSED [ 91%]
tests/test_phase_6a_patient_portal.py::test_patient_download_integrity_blocks_delivery_and_audits[missing_verification] PASSED [ 91%]
tests/test_phase_6a_patient_portal.py::test_patient_access_history_is_scoped_paginated_and_redacted PASSED [ 91%]
tests/test_phase_6a_patient_portal.py::test_report_list_filters_pagination_and_no_list_audit PASSED [ 91%]
tests/test_phase_6a_patient_portal.py::test_real_supersession_and_revocation_update_portal_visibility PASSED [ 91%]
tests/test_phase_6a_patient_portal.py::test_permissions_config_and_openapi PASSED [ 91%]
tests/test_phase_6a_patient_portal.py::test_report_ordering_and_order_code_search PASSED [ 91%]
tests/test_phase_6a_patient_portal.py::test_portal_does_not_deliver_when_access_audit_fails[/patient/reports/1] PASSED [ 91%]
tests/test_phase_6a_patient_portal.py::test_portal_does_not_deliver_when_access_audit_fails[/patient/reports/1/pdf] PASSED [ 91%]
tests/test_phase_6a_patient_portal.py::test_status_reader_can_use_existing_account_read_permission PASSED [ 92%]
tests/test_phase_6b_mfa.py::test_crypto_and_key_cli PASSED               [ 92%]
tests/test_phase_6b_mfa.py::test_invalid_key_rejected_without_secret_echo[] PASSED [ 92%]
tests/test_phase_6b_mfa.py::test_invalid_key_rejected_without_secret_echo[short] PASSED [ 92%]
tests/test_phase_6b_mfa.py::test_invalid_key_rejected_without_secret_echo[aaaaaaaaaaaaaaaaaaaaaaaaaaaaaaaaaaaaaaaaaaaa] PASSED [ 92%]
tests/test_phase_6b_mfa.py::test_invalid_key_rejected_without_secret_echo[AAAAAAAAAAAAAAAAAAAAAAAAAAAAAAAAAAAAAAAAAAA] PASSED [ 92%]
tests/test_phase_6b_mfa.py::test_invalid_key_rejected_without_secret_echo[AAAAAAAAAAAAAAAAAAAAAAAAAAAAAAAAAAAAAAAAAAAA=] PASSED [ 92%]
tests/test_phase_6b_mfa.py::test_invalid_key_rejected_without_secret_echo[                                            ] PASSED [ 92%]
tests/test_phase_6b_mfa.py::test_invalid_key_rejected_without_secret_echo[AAAAAAAAAAAAAAAAAAAAAAAAAAAAAAAAAAAAAAAAAAA=\n] PASSED [ 92%]
tests/test_phase_6b_mfa.py::test_mfa_configuration_bounds[changes0] PASSED [ 92%]
tests/test_phase_6b_mfa.py::test_mfa_configuration_bounds[changes1] PASSED [ 92%]
tests/test_phase_6b_mfa.py::test_mfa_configuration_bounds[changes2] PASSED [ 93%]
tests/test_phase_6b_mfa.py::test_mfa_configuration_bounds[changes3] PASSED [ 93%]
tests/test_phase_6b_mfa.py::test_mfa_configuration_bounds[changes4] PASSED [ 93%]
tests/test_phase_6b_mfa.py::test_password_only_patient_is_limited[/patient/me] PASSED [ 93%]
tests/test_phase_6b_mfa.py::test_password_only_patient_is_limited[/patient/reports] PASSED [ 93%]
tests/test_phase_6b_mfa.py::test_password_only_patient_is_limited[/patient/reports/1] PASSED [ 93%]
tests/test_phase_6b_mfa.py::test_password_only_patient_is_limited[/patient/reports/1/pdf] PASSED [ 93%]
tests/test_phase_6b_mfa.py::test_password_only_patient_is_limited[/patient/access-history] PASSED [ 93%]
tests/test_phase_6b_mfa.py::test_password_only_patient_is_limited[/patients] PASSED [ 93%]
tests/test_phase_6b_mfa.py::test_password_only_patient_is_limited[/users] PASSED [ 93%]
tests/test_phase_6b_mfa.py::test_full_enrollment_encryption_assurance_and_recovery_privacy PASSED [ 93%]
tests/test_phase_6b_mfa.py::test_challenge_cookie_full_login_and_replay PASSED [ 94%]
tests/test_phase_6b_mfa.py::test_invalid_challenges_fail_generically[expired] PASSED [ 94%]
tests/test_phase_6b_mfa.py::test_invalid_challenges_fail_generically[revoked] PASSED [ 94%]
tests/test_phase_6b_mfa.py::test_invalid_challenges_fail_generically[used] PASSED [ 94%]
tests/test_phase_6b_mfa.py::test_invalid_challenges_fail_generically[exhausted] PASSED [ 94%]
tests/test_phase_6b_mfa.py::test_invalid_challenges_fail_generically[inactive] PASSED [ 94%]
tests/test_phase_6b_mfa.py::test_invalid_challenges_fail_generically[disabled] PASSED [ 94%]
tests/test_phase_6b_mfa.py::test_invalid_challenges_fail_generically[unknown] PASSED [ 94%]
tests/test_phase_6b_mfa.py::test_invalid_challenges_fail_generically[missing] PASSED [ 94%]
tests/test_phase_6b_mfa.py::test_attempt_budget_persists_and_does_not_lock_account PASSED [ 94%]
tests/test_phase_6b_mfa.py::test_recovery_one_time_and_normalization PASSED [ 94%]
tests/test_phase_6b_mfa.py::test_regeneration_requires_password_and_fresh_totp PASSED [ 95%]
tests/test_phase_6b_mfa.py::test_disable_requires_second_factor_and_fresh_login[True] PASSED [ 95%]
tests/test_phase_6b_mfa.py::test_disable_requires_second_factor_and_fresh_login[False] PASSED [ 95%]
tests/test_phase_6b_mfa.py::test_admin_reset_permission_revocation_and_actor PASSED [ 95%]
tests/test_phase_6b_mfa.py::test_password_change_preserves_mfa_and_revokes_every_session PASSED [ 95%]
tests/test_phase_6b_mfa.py::test_csrf_and_input_secrets[/patient/mfa/totp/enroll-None] PASSED [ 95%]
tests/test_phase_6b_mfa.py::test_csrf_and_input_secrets[/patient/mfa/totp/confirm-body1] PASSED [ 95%]
tests/test_phase_6b_mfa.py::test_csrf_and_input_secrets[/patient/mfa/recovery-codes/regenerate-body2] PASSED [ 95%]
tests/test_phase_6b_mfa.py::test_csrf_and_input_secrets[/patient/mfa/disable-body3] PASSED [ 95%]
tests/test_phase_6b_mfa.py::test_csrf_and_input_secrets[/auth/change-password-body4] PASSED [ 95%]
tests/test_phase_6b_mfa.py::test_cross_origin_challenges_rejected PASSED [ 96%]
tests/test_phase_6b_mfa.py::test_decryption_failure_is_controlled_and_audited PASSED [ 96%]
tests/test_phase_6b_mfa.py::test_security_audit_failure_rolls_back[confirm] PASSED [ 96%]
tests/test_phase_6b_mfa.py::test_security_audit_failure_rolls_back[challenge] PASSED [ 96%]
tests/test_phase_6b_mfa.py::test_security_audit_failure_rolls_back[recovery] PASSED [ 96%]
tests/test_phase_6b_mfa.py::test_security_audit_failure_rolls_back[regenerate] PASSED [ 96%]
tests/test_phase_6b_mfa.py::test_security_audit_failure_rolls_back[disable] PASSED [ 96%]
tests/test_phase_6b_mfa.py::test_security_audit_failure_rolls_back[password] PASSED [ 96%]
tests/test_phase_6b_mfa.py::test_cross_patient_after_real_mfa PASSED     [ 96%]
tests/test_phase_6b_mfa.py::test_staff_and_policy_off_regressions PASSED [ 96%]
tests/test_phase_6b_mfa.py::test_openapi_secret_allowlists_and_permission PASSED [ 96%]
tests/test_phase_6b_mfa.py::test_enabled_mfa_still_requires_session_assurance[/patient/me] PASSED [ 97%]
tests/test_phase_6b_mfa.py::test_enabled_mfa_still_requires_session_assurance[/patient/reports] PASSED [ 97%]
tests/test_phase_6b_mfa.py::test_enabled_mfa_still_requires_session_assurance[/patient/reports/1] PASSED [ 97%]
tests/test_phase_6b_mfa.py::test_enabled_mfa_still_requires_session_assurance[/patient/reports/1/pdf] PASSED [ 97%]
tests/test_phase_6b_mfa.py::test_enabled_mfa_still_requires_session_assurance[/patient/access-history] PASSED [ 97%]
tests/test_phase_6b_mfa.py::test_new_challenge_revokes_previous_and_codes_are_account_bound PASSED [ 97%]
tests/test_phase_6b_mfa.py::test_enrollment_rotation_invalidates_pending_secret_and_rollback PASSED [ 97%]
tests/test_phase_6b_mfa.py::test_window_and_replay_counter PASSED        [ 97%]
tests/test_phase_6b_mfa.py::test_missing_key_rejected PASSED             [ 97%]
tests/test_phase_6b_mfa.py::test_account_lock_revokes_pending_challenges PASSED [ 97%]
tests/test_phase_6b_mfa.py::test_self_service_requires_patient_session[GET-/patient/security-None] PASSED [ 97%]
tests/test_phase_6b_mfa.py::test_self_service_requires_patient_session[POST-/patient/mfa/totp/enroll-None] PASSED [ 98%]
tests/test_phase_6b_mfa.py::test_self_service_requires_patient_session[POST-/patient/mfa/totp/confirm-body2] PASSED [ 98%]
tests/test_phase_6b_mfa.py::test_self_service_requires_patient_session[POST-/patient/mfa/recovery-codes/regenerate-body3] PASSED [ 98%]
tests/test_phase_6b_mfa.py::test_self_service_requires_patient_session[POST-/patient/mfa/disable-body4] PASSED [ 98%]
tests/test_phase_6b_mfa.py::test_security_mutations_require_assurance_even_when_policy_off[/patient/mfa/recovery-codes/regenerate] PASSED [ 98%]
tests/test_phase_6b_mfa.py::test_security_mutations_require_assurance_even_when_policy_off[/patient/mfa/disable] PASSED [ 98%]
tests/test_phase_6b_migration.py::test_mfa_head_and_offline_scope PASSED [ 98%]
tests/test_phase_6b_migration.py::test_mfa_constraints_and_session_assurance PASSED [ 98%]
tests/test_phase_6b_migration.py::test_upgrade_preserves_password_sessions_and_downgrade PASSED [ 98%]
tests/test_phase_6b_migration.py::test_all_prior_migrations_are_unchanged PASSED [ 98%]
tests/test_phase_6b_mysql.py::test_mysql_mfa_serialization[challenge] PASSED [ 98%]
tests/test_phase_6b_mysql.py::test_mysql_mfa_serialization[recovery] PASSED [ 99%]
tests/test_phase_6b_mysql.py::test_mysql_mfa_serialization[totp] PASSED  [ 99%]
tests/test_phase_6b_mysql.py::test_mysql_mfa_serialization[attempts] PASSED [ 99%]
tests/test_phase_6b_mysql.py::test_mysql_mfa_serialization[stale_revoked] PASSED [ 99%]
tests/test_phase_7a_frontend_hosting.py::test_source_checkout_root_preserves_legacy_landing PASSED [ 99%]
tests/test_phase_7a_frontend_hosting.py::test_built_portal_and_hashed_assets_are_served PASSED [ 99%]
tests/test_phase_7a_frontend_hosting.py::test_asset_boundary_rejects_escape_and_directories[../private.txt] PASSED [ 99%]
tests/test_phase_7a_frontend_hosting.py::test_asset_boundary_rejects_escape_and_directories[../../private.txt] PASSED [ 99%]
tests/test_phase_7a_frontend_hosting.py::test_asset_boundary_rejects_escape_and_directories[/etc/passwd] PASSED [ 99%]
tests/test_phase_7a_frontend_hosting.py::test_asset_boundary_rejects_escape_and_directories[link.txt] PASSED [ 99%]
tests/test_phase_7a_frontend_hosting.py::test_asset_boundary_rejects_escape_and_directories[] PASSED [100%]

=============================== warnings summary ===============================
.venv/lib/python3.12/site-packages/fastapi/testclient.py:1
  /opt/rhu-labchain/.venv/lib/python3.12/site-packages/fastapi/testclient.py:1: StarletteDeprecationWarning: Using `httpx` with `starlette.testclient` is deprecated; install `httpx2` instead.
    from starlette.testclient import TestClient as TestClient  # noqa

.venv/lib/python3.12/site-packages/starlette/testclient.py:53
  /opt/rhu-labchain/.venv/lib/python3.12/site-packages/starlette/testclient.py:53: DeprecationWarning: The anyio.abc.BlockingPortal alias is deprecated, use anyio.from_thread.BlockingPortal instead.
    _PortalFactoryType = Callable[[], AbstractContextManager[anyio.abc.BlockingPortal]]

-- Docs: https://docs.pytest.org/en/stable/how-to/capture-warnings.html
================= 1075 passed, 2 warnings in 862.93s (0:14:22) =================
